Aug 17, 2016 11:26:17 PM ga.core.RunGA run
INFO: Iterations1
Aug 17, 2016 11:26:17 PM ga.core.RunGA storeBestChromosome
INFO: Best solution improved 1:1->14->7->3->1->8->12->15->1->10->18->13->1->9->23->20->1->17->19->4->1->6->21->2->1->16->22->5->11->1 1370.9632236684163

Aug 17, 2016 11:26:17 PM ga.core.RunGA storeBestChromosome
INFO: Best solution improved 1:1->2->11->18->1->19->14->3->1->6->23->12->1->9->13->17->1->22->15->10->1->8->5->7->1->20->21->4->16->1 1163.7182481626971

Aug 17, 2016 11:26:17 PM ga.core.RunGA storeBestChromosome
INFO: Best solution improved 1:1->18->8->4->1->23->5->3->1->12->11->20->1->16->19->10->1->6->13->14->1->9->2->21->1->22->17->15->7->1 1090.2386918261857

Aug 17, 2016 11:26:17 PM ga.core.RunGA run
INFO: Iterations2
Aug 17, 2016 11:26:17 PM ga.core.RunGA run
INFO: Iterations3
Aug 17, 2016 11:26:17 PM ga.core.RunGA run
INFO: Iterations4
Aug 17, 2016 11:26:17 PM ga.core.select.SUSSelector operate
INFO: Unique chromosomes reduced to 6
Aug 17, 2016 11:26:17 PM ga.core.RunGA run
INFO: Iterations5
Aug 17, 2016 11:26:17 PM ga.core.select.SUSSelector operate
INFO: Unique chromosomes reduced to 4
Aug 17, 2016 11:26:17 PM ga.core.RunGA run
INFO: Iterations6
Aug 17, 2016 11:26:17 PM ga.core.select.SUSSelector operate
INFO: Unique chromosomes reduced to 3
Aug 17, 2016 11:26:17 PM ga.core.RunGA run
INFO: Iterations7
Aug 17, 2016 11:26:17 PM ga.core.select.SUSSelector operate
INFO: Unique chromosomes reduced to 2
Aug 17, 2016 11:26:17 PM ga.core.RunGA run
INFO: Iterations8
Aug 17, 2016 11:26:17 PM ga.core.select.SUSSelector operate
INFO: Unique chromosomes reduced to 2
Aug 17, 2016 11:26:18 PM ga.core.RunGA run
INFO: Iterations9
Aug 17, 2016 11:26:18 PM ga.core.select.SUSSelector operate
INFO: Unique chromosomes reduced to 2
Aug 17, 2016 11:26:18 PM ga.core.RunGA run
INFO: Iterations10
Aug 17, 2016 11:26:18 PM ga.core.select.SUSSelector operate
INFO: Unique chromosomes reduced to 2
Aug 17, 2016 11:26:18 PM ga.core.RunGA run
INFO: Iterations11
Aug 17, 2016 11:26:18 PM ga.core.select.SUSSelector operate
INFO: Unique chromosomes reduced to 2
Aug 17, 2016 11:26:18 PM ga.core.RunGA run
INFO: Iterations12
Aug 17, 2016 11:26:18 PM ga.core.select.SUSSelector operate
INFO: Unique chromosomes reduced to 2
Aug 17, 2016 11:26:18 PM ga.core.RunGA run
INFO: Iterations13
Aug 17, 2016 11:26:18 PM ga.core.select.SUSSelector operate
INFO: Unique chromosomes reduced to 2
Aug 17, 2016 11:26:18 PM ga.core.RunGA run
INFO: Iterations14
Aug 17, 2016 11:26:18 PM ga.core.select.SUSSelector operate
INFO: Unique chromosomes reduced to 2
Aug 17, 2016 11:26:18 PM ga.core.RunGA run
INFO: Iterations15
Aug 17, 2016 11:26:18 PM ga.core.select.SUSSelector operate
INFO: Unique chromosomes reduced to 2
Aug 17, 2016 11:26:18 PM ga.core.RunGA run
INFO: Iterations16
Aug 17, 2016 11:26:18 PM ga.core.select.SUSSelector operate
INFO: Unique chromosomes reduced to 2
Aug 17, 2016 11:26:18 PM ga.core.RunGA run
INFO: Iterations17
Aug 17, 2016 11:26:18 PM ga.core.select.SUSSelector operate
INFO: Unique chromosomes reduced to 2
Aug 17, 2016 11:26:18 PM ga.core.RunGA run
INFO: Iterations18
Aug 17, 2016 11:26:18 PM ga.core.select.SUSSelector operate
INFO: Unique chromosomes reduced to 2
Aug 17, 2016 11:26:18 PM ga.core.RunGA run
INFO: Iterations19
Aug 17, 2016 11:26:18 PM ga.core.select.SUSSelector operate
INFO: Unique chromosomes reduced to 2
Aug 17, 2016 11:26:18 PM ga.core.RunGA run
INFO: Iterations20
Aug 17, 2016 11:26:18 PM ga.core.select.SUSSelector operate
INFO: Unique chromosomes reduced to 2
Aug 17, 2016 11:26:18 PM ga.core.RunGA run
INFO: Iterations21
Aug 17, 2016 11:26:18 PM ga.core.select.SUSSelector operate
INFO: Unique chromosomes reduced to 2
Aug 17, 2016 11:26:18 PM ga.core.RunGA run
INFO: Iterations22
Aug 17, 2016 11:26:18 PM ga.core.select.SUSSelector operate
INFO: Unique chromosomes reduced to 2
Aug 17, 2016 11:26:18 PM ga.core.RunGA run
INFO: Iterations23
Aug 17, 2016 11:26:18 PM ga.core.select.SUSSelector operate
INFO: Unique chromosomes reduced to 2
Aug 17, 2016 11:26:18 PM ga.core.RunGA run
INFO: Iterations24
Aug 17, 2016 11:26:18 PM ga.core.select.SUSSelector operate
INFO: Unique chromosomes reduced to 2
Aug 17, 2016 11:26:18 PM ga.core.RunGA run
INFO: Iterations25
Aug 17, 2016 11:26:18 PM ga.core.select.SUSSelector operate
INFO: Unique chromosomes reduced to 2
Aug 17, 2016 11:26:18 PM ga.core.RunGA run
INFO: Iterations26
Aug 17, 2016 11:26:18 PM ga.core.select.SUSSelector operate
INFO: Unique chromosomes reduced to 2
Aug 17, 2016 11:26:18 PM ga.core.RunGA run
INFO: Iterations27
Aug 17, 2016 11:26:18 PM ga.core.select.SUSSelector operate
INFO: Unique chromosomes reduced to 2
Aug 17, 2016 11:26:18 PM ga.core.RunGA run
INFO: Iterations28
Aug 17, 2016 11:26:18 PM ga.core.select.SUSSelector operate
INFO: Unique chromosomes reduced to 2
Aug 17, 2016 11:26:18 PM ga.core.RunGA run
INFO: Iterations29
Aug 17, 2016 11:26:18 PM ga.core.select.SUSSelector operate
INFO: Unique chromosomes reduced to 2
Aug 17, 2016 11:26:18 PM ga.core.RunGA run
INFO: Iterations30
Aug 17, 2016 11:26:18 PM ga.core.select.SUSSelector operate
INFO: Unique chromosomes reduced to 2
Aug 17, 2016 11:26:18 PM ga.core.RunGA run
INFO: Iterations31
Aug 17, 2016 11:26:18 PM ga.core.select.SUSSelector operate
INFO: Unique chromosomes reduced to 2
Aug 17, 2016 11:26:18 PM ga.core.RunGA run
INFO: Iterations32
Aug 17, 2016 11:26:18 PM ga.core.select.SUSSelector operate
INFO: Unique chromosomes reduced to 2
Aug 17, 2016 11:26:18 PM ga.core.RunGA run
INFO: Iterations33
Aug 17, 2016 11:26:18 PM ga.core.select.SUSSelector operate
INFO: Unique chromosomes reduced to 2
Aug 17, 2016 11:26:18 PM ga.core.RunGA run
INFO: Iterations34
Aug 17, 2016 11:26:18 PM ga.core.select.SUSSelector operate
INFO: Unique chromosomes reduced to 2
Aug 17, 2016 11:26:18 PM ga.core.RunGA run
INFO: Iterations35
Aug 17, 2016 11:26:18 PM ga.core.select.SUSSelector operate
INFO: Unique chromosomes reduced to 2
Aug 17, 2016 11:26:18 PM ga.core.RunGA run
INFO: Iterations36
Aug 17, 2016 11:26:18 PM ga.core.select.SUSSelector operate
INFO: Unique chromosomes reduced to 2
Aug 17, 2016 11:26:18 PM ga.core.RunGA run
INFO: Iterations37
Aug 17, 2016 11:26:18 PM ga.core.select.SUSSelector operate
INFO: Unique chromosomes reduced to 2
Aug 17, 2016 11:26:18 PM ga.core.RunGA run
INFO: Iterations38
Aug 17, 2016 11:26:18 PM ga.core.select.SUSSelector operate
INFO: Unique chromosomes reduced to 2
Aug 17, 2016 11:26:18 PM ga.core.RunGA run
INFO: Iterations39
Aug 17, 2016 11:26:18 PM ga.core.select.SUSSelector operate
INFO: Unique chromosomes reduced to 2
Aug 17, 2016 11:26:18 PM ga.core.RunGA run
INFO: Iterations40
Aug 17, 2016 11:26:18 PM ga.core.select.SUSSelector operate
INFO: Unique chromosomes reduced to 2
Aug 17, 2016 11:26:18 PM ga.core.RunGA run
INFO: Iterations41
Aug 17, 2016 11:26:18 PM ga.core.select.SUSSelector operate
INFO: Unique chromosomes reduced to 2
Aug 17, 2016 11:26:18 PM ga.core.RunGA run
INFO: Iterations42
Aug 17, 2016 11:26:18 PM ga.core.select.SUSSelector operate
INFO: Unique chromosomes reduced to 2
Aug 17, 2016 11:26:18 PM ga.core.RunGA run
INFO: Iterations43
Aug 17, 2016 11:26:18 PM ga.core.select.SUSSelector operate
INFO: Unique chromosomes reduced to 2
Aug 17, 2016 11:26:18 PM ga.core.RunGA run
INFO: Iterations44
Aug 17, 2016 11:26:18 PM ga.core.select.SUSSelector operate
INFO: Unique chromosomes reduced to 2
Aug 17, 2016 11:26:18 PM ga.core.RunGA run
INFO: Iterations45
Aug 17, 2016 11:26:18 PM ga.core.select.SUSSelector operate
INFO: Unique chromosomes reduced to 2
Aug 17, 2016 11:26:18 PM ga.core.RunGA run
INFO: Iterations46
Aug 17, 2016 11:26:18 PM ga.core.select.SUSSelector operate
INFO: Unique chromosomes reduced to 2
Aug 17, 2016 11:26:18 PM ga.core.RunGA run
INFO: Iterations47
Aug 17, 2016 11:26:18 PM ga.core.select.SUSSelector operate
INFO: Unique chromosomes reduced to 2
Aug 17, 2016 11:26:18 PM ga.core.RunGA run
INFO: Iterations48
Aug 17, 2016 11:26:18 PM ga.core.select.SUSSelector operate
INFO: Unique chromosomes reduced to 2
Aug 17, 2016 11:26:18 PM ga.core.RunGA run
INFO: Iterations49
Aug 17, 2016 11:26:18 PM ga.core.select.SUSSelector operate
INFO: Unique chromosomes reduced to 2
Aug 17, 2016 11:26:18 PM ga.core.RunGA run
INFO: Iterations50
Aug 17, 2016 11:26:18 PM ga.core.select.SUSSelector operate
INFO: Unique chromosomes reduced to 2
Aug 17, 2016 11:26:18 PM ga.core.RunGA run
INFO: Iterations51
Aug 17, 2016 11:26:18 PM ga.core.select.SUSSelector operate
INFO: Unique chromosomes reduced to 2
Aug 17, 2016 11:26:18 PM ga.core.RunGA run
INFO: Iterations52
Aug 17, 2016 11:26:18 PM ga.core.RunGA reset
INFO: Adding back best chromosomes
Aug 17, 2016 11:26:18 PM ga.core.RunGA storeBestChromosome
INFO: Best solution improved 52:1->18->8->4->1->23->5->3->1->12->11->20->1->16->10->19->1->6->13->14->1->21->9->2->1->22->7->17->15->1 1035.3751422459352

Aug 17, 2016 11:26:18 PM ga.cvrp.FruityBunCVRP main
SEVERE: null
Aug 17, 2016 11:26:32 PM ga.core.RunGA run
INFO: Iterations1
Aug 17, 2016 11:26:32 PM ga.core.RunGA storeBestChromosome
INFO: Best solution improved 1:1->3->22->4->1->10->16->8->1->19->20->11->1->15->17->12->1->23->13->2->1->21->18->7->1->14->9->5->6->1 1162.4496431286104

Aug 17, 2016 11:26:32 PM ga.core.RunGA run
INFO: Iterations2
Aug 17, 2016 11:26:32 PM ga.core.RunGA run
INFO: Iterations3
Aug 17, 2016 11:26:32 PM ga.core.select.SUSSelector operate
INFO: Unique chromosomes reduced to 9
Aug 17, 2016 11:26:33 PM ga.core.RunGA run
INFO: Iterations4
Aug 17, 2016 11:26:33 PM ga.core.select.SUSSelector operate
INFO: Unique chromosomes reduced to 5
Aug 17, 2016 11:26:33 PM ga.core.RunGA run
INFO: Iterations5
Aug 17, 2016 11:26:33 PM ga.core.select.SUSSelector operate
INFO: Unique chromosomes reduced to 3
Aug 17, 2016 11:26:33 PM ga.core.RunGA run
INFO: Iterations6
Aug 17, 2016 11:26:33 PM ga.core.select.SUSSelector operate
INFO: Unique chromosomes reduced to 2
Aug 17, 2016 11:26:33 PM ga.core.RunGA run
INFO: Iterations7
Aug 17, 2016 11:26:33 PM ga.core.select.SUSSelector operate
INFO: Unique chromosomes reduced to 1
Aug 17, 2016 11:26:33 PM ga.core.RunGA run
INFO: Iterations8
Aug 17, 2016 11:26:33 PM ga.core.select.SUSSelector operate
INFO: Unique chromosomes reduced to 1
Aug 17, 2016 11:26:33 PM ga.core.RunGA run
INFO: Iterations9
Aug 17, 2016 11:26:33 PM ga.core.select.SUSSelector operate
INFO: Unique chromosomes reduced to 1
Aug 17, 2016 11:26:33 PM ga.core.RunGA run
INFO: Iterations10
Aug 17, 2016 11:26:33 PM ga.core.select.SUSSelector operate
INFO: Unique chromosomes reduced to 1
Aug 17, 2016 11:26:33 PM ga.core.RunGA run
INFO: Iterations11
Aug 17, 2016 11:26:33 PM ga.core.select.SUSSelector operate
INFO: Unique chromosomes reduced to 1
Aug 17, 2016 11:26:33 PM ga.core.RunGA run
INFO: Iterations12
Aug 17, 2016 11:26:33 PM ga.core.select.SUSSelector operate
INFO: Unique chromosomes reduced to 1
Aug 17, 2016 11:26:33 PM ga.core.RunGA run
INFO: Iterations13
Aug 17, 2016 11:26:33 PM ga.core.select.SUSSelector operate
INFO: Unique chromosomes reduced to 1
Aug 17, 2016 11:26:33 PM ga.core.RunGA run
INFO: Iterations14
Aug 17, 2016 11:26:33 PM ga.core.select.SUSSelector operate
INFO: Unique chromosomes reduced to 1
Aug 17, 2016 11:26:33 PM ga.core.RunGA run
INFO: Iterations15
Aug 17, 2016 11:26:33 PM ga.core.select.SUSSelector operate
INFO: Unique chromosomes reduced to 1
Aug 17, 2016 11:26:33 PM ga.core.RunGA run
INFO: Iterations16
Aug 17, 2016 11:26:33 PM ga.core.select.SUSSelector operate
INFO: Unique chromosomes reduced to 1
Aug 17, 2016 11:26:33 PM ga.core.RunGA run
INFO: Iterations17
Aug 17, 2016 11:26:33 PM ga.core.select.SUSSelector operate
INFO: Unique chromosomes reduced to 1
Aug 17, 2016 11:26:33 PM ga.core.RunGA run
INFO: Iterations18
Aug 17, 2016 11:26:33 PM ga.core.select.SUSSelector operate
INFO: Unique chromosomes reduced to 1
Aug 17, 2016 11:26:33 PM ga.core.RunGA run
INFO: Iterations19
Aug 17, 2016 11:26:33 PM ga.core.select.SUSSelector operate
INFO: Unique chromosomes reduced to 1
Aug 17, 2016 11:26:33 PM ga.core.RunGA run
INFO: Iterations20
Aug 17, 2016 11:26:33 PM ga.core.select.SUSSelector operate
INFO: Unique chromosomes reduced to 1
Aug 17, 2016 11:26:33 PM ga.core.RunGA run
INFO: Iterations21
Aug 17, 2016 11:26:33 PM ga.core.select.SUSSelector operate
INFO: Unique chromosomes reduced to 1
Aug 17, 2016 11:26:33 PM ga.core.RunGA run
INFO: Iterations22
Aug 17, 2016 11:26:33 PM ga.core.select.SUSSelector operate
INFO: Unique chromosomes reduced to 1
Aug 17, 2016 11:26:33 PM ga.core.RunGA run
INFO: Iterations23
Aug 17, 2016 11:26:33 PM ga.core.select.SUSSelector operate
INFO: Unique chromosomes reduced to 1
Aug 17, 2016 11:26:33 PM ga.core.RunGA run
INFO: Iterations24
Aug 17, 2016 11:26:33 PM ga.core.select.SUSSelector operate
INFO: Unique chromosomes reduced to 1
Aug 17, 2016 11:26:33 PM ga.core.RunGA run
INFO: Iterations25
Aug 17, 2016 11:26:33 PM ga.core.select.SUSSelector operate
INFO: Unique chromosomes reduced to 1
Aug 17, 2016 11:26:33 PM ga.core.RunGA run
INFO: Iterations26
Aug 17, 2016 11:26:33 PM ga.core.select.SUSSelector operate
INFO: Unique chromosomes reduced to 1
Aug 17, 2016 11:26:33 PM ga.core.RunGA run
INFO: Iterations27
Aug 17, 2016 11:26:33 PM ga.core.select.SUSSelector operate
INFO: Unique chromosomes reduced to 1
Aug 17, 2016 11:26:33 PM ga.core.RunGA run
INFO: Iterations28
Aug 17, 2016 11:26:33 PM ga.core.select.SUSSelector operate
INFO: Unique chromosomes reduced to 1
Aug 17, 2016 11:26:33 PM ga.core.RunGA run
INFO: Iterations29
Aug 17, 2016 11:26:33 PM ga.core.select.SUSSelector operate
INFO: Unique chromosomes reduced to 1
Aug 17, 2016 11:26:33 PM ga.core.RunGA run
INFO: Iterations30
Aug 17, 2016 11:26:33 PM ga.core.select.SUSSelector operate
INFO: Unique chromosomes reduced to 1
Aug 17, 2016 11:26:33 PM ga.core.RunGA run
INFO: Iterations31
Aug 17, 2016 11:26:33 PM ga.core.select.SUSSelector operate
INFO: Unique chromosomes reduced to 1
Aug 17, 2016 11:26:33 PM ga.core.RunGA run
INFO: Iterations32
Aug 17, 2016 11:26:33 PM ga.core.select.SUSSelector operate
INFO: Unique chromosomes reduced to 1
Aug 17, 2016 11:26:33 PM ga.core.RunGA run
INFO: Iterations33
Aug 17, 2016 11:26:33 PM ga.core.select.SUSSelector operate
INFO: Unique chromosomes reduced to 1
Aug 17, 2016 11:26:33 PM ga.core.RunGA run
INFO: Iterations34
Aug 17, 2016 11:26:33 PM ga.core.select.SUSSelector operate
INFO: Unique chromosomes reduced to 1
Aug 17, 2016 11:26:33 PM ga.core.RunGA run
INFO: Iterations35
Aug 17, 2016 11:26:33 PM ga.core.select.SUSSelector operate
INFO: Unique chromosomes reduced to 1
Aug 17, 2016 11:26:33 PM ga.core.RunGA run
INFO: Iterations36
Aug 17, 2016 11:26:33 PM ga.core.select.SUSSelector operate
INFO: Unique chromosomes reduced to 1
Aug 17, 2016 11:26:33 PM ga.core.RunGA run
INFO: Iterations37
Aug 17, 2016 11:26:33 PM ga.core.select.SUSSelector operate
INFO: Unique chromosomes reduced to 1
Aug 17, 2016 11:26:33 PM ga.core.RunGA run
INFO: Iterations38
Aug 17, 2016 11:26:33 PM ga.core.select.SUSSelector operate
INFO: Unique chromosomes reduced to 1
Aug 17, 2016 11:26:33 PM ga.core.RunGA run
INFO: Iterations39
Aug 17, 2016 11:26:33 PM ga.core.select.SUSSelector operate
INFO: Unique chromosomes reduced to 1
Aug 17, 2016 11:26:33 PM ga.core.RunGA run
INFO: Iterations40
Aug 17, 2016 11:26:33 PM ga.core.select.SUSSelector operate
INFO: Unique chromosomes reduced to 1
Aug 17, 2016 11:26:33 PM ga.core.RunGA run
INFO: Iterations41
Aug 17, 2016 11:26:33 PM ga.core.select.SUSSelector operate
INFO: Unique chromosomes reduced to 1
Aug 17, 2016 11:26:33 PM ga.core.RunGA run
INFO: Iterations42
Aug 17, 2016 11:26:33 PM ga.core.select.SUSSelector operate
INFO: Unique chromosomes reduced to 1
Aug 17, 2016 11:26:33 PM ga.core.RunGA run
INFO: Iterations43
Aug 17, 2016 11:26:33 PM ga.core.select.SUSSelector operate
INFO: Unique chromosomes reduced to 1
Aug 17, 2016 11:26:33 PM ga.core.RunGA run
INFO: Iterations44
Aug 17, 2016 11:26:33 PM ga.core.select.SUSSelector operate
INFO: Unique chromosomes reduced to 1
Aug 17, 2016 11:26:33 PM ga.core.RunGA run
INFO: Iterations45
Aug 17, 2016 11:26:33 PM ga.core.select.SUSSelector operate
INFO: Unique chromosomes reduced to 1
Aug 17, 2016 11:26:33 PM ga.core.RunGA run
INFO: Iterations46
Aug 17, 2016 11:26:33 PM ga.core.select.SUSSelector operate
INFO: Unique chromosomes reduced to 1
Aug 17, 2016 11:26:33 PM ga.core.RunGA run
INFO: Iterations47
Aug 17, 2016 11:26:33 PM ga.core.select.SUSSelector operate
INFO: Unique chromosomes reduced to 1
Aug 17, 2016 11:26:33 PM ga.core.RunGA run
INFO: Iterations48
Aug 17, 2016 11:26:33 PM ga.core.select.SUSSelector operate
INFO: Unique chromosomes reduced to 1
Aug 17, 2016 11:26:33 PM ga.core.RunGA run
INFO: Iterations49
Aug 17, 2016 11:26:33 PM ga.core.select.SUSSelector operate
INFO: Unique chromosomes reduced to 1
Aug 17, 2016 11:26:33 PM ga.core.RunGA run
INFO: Iterations50
Aug 17, 2016 11:26:33 PM ga.core.select.SUSSelector operate
INFO: Unique chromosomes reduced to 1
Aug 17, 2016 11:26:33 PM ga.core.RunGA run
INFO: Iterations51
Aug 17, 2016 11:26:33 PM ga.core.select.SUSSelector operate
INFO: Unique chromosomes reduced to 1
Aug 17, 2016 11:26:33 PM ga.core.RunGA run
INFO: Iterations52
Aug 17, 2016 11:26:33 PM ga.core.RunGA reset
INFO: Adding back best chromosomes
Aug 17, 2016 11:26:33 PM ga.core.RunGA storeBestChromosome
INFO: Best solution improved 52:1->22->4->3->1->8->10->16->1->20->11->19->1->15->17->12->1->23->13->2->1->21->18->7->1->14->9->5->6->1 1098.7616908189664

Aug 17, 2016 11:26:33 PM ga.cvrp.FruityBunCVRP main
SEVERE: null
Aug 17, 2016 11:26:41 PM ga.core.RunGA run
INFO: Iterations1
Aug 17, 2016 11:26:41 PM ga.core.RunGA storeBestChromosome
INFO: Best solution improved 1:1->11->23->7->1->5->14->8->1->2->22->9->1->13->10->17->1->6->12->15->1->18->20->21->1->4->16->19->3->1 1324.254661331418

Aug 17, 2016 11:26:41 PM ga.core.RunGA storeBestChromosome
INFO: Best solution improved 1:1->4->6->12->1->15->21->23->1->11->13->9->1->8->22->19->1->20->7->10->1->5->16->3->1->17->2->14->18->1 1259.893078344067

Aug 17, 2016 11:26:41 PM ga.core.RunGA storeBestChromosome
INFO: Best solution improved 1:1->5->16->13->1->8->15->9->1->7->6->12->1->19->14->17->1->3->11->10->1->20->23->4->1->2->22->18->21->1 1156.9372161106328

Aug 17, 2016 11:26:41 PM ga.core.RunGA storeBestChromosome
INFO: Best solution improved 1:1->9->16->13->1->10->7->2->1->8->22->18->1->11->23->21->1->5->3->17->1->15->19->14->1->12->6->20->4->1 1141.6494304465618

Aug 17, 2016 11:26:41 PM ga.core.RunGA run
INFO: Iterations2
Aug 17, 2016 11:26:42 PM ga.core.RunGA storeBestChromosome
INFO: Best solution improved 2:1->4->20->6->12->1->14->19->15->1->17->3->5->1->21->23->11->1->18->22->8->1->2->7->10->1->13->16->9->1 1141.6494304465616

Aug 17, 2016 11:26:42 PM ga.core.RunGA run
INFO: Iterations3
Aug 17, 2016 11:26:42 PM ga.core.RunGA run
INFO: Iterations4
Aug 17, 2016 11:26:42 PM ga.core.select.SUSSelector operate
INFO: Unique chromosomes reduced to 6
Aug 17, 2016 11:26:42 PM ga.core.RunGA run
INFO: Iterations5
Aug 17, 2016 11:26:42 PM ga.core.select.SUSSelector operate
INFO: Unique chromosomes reduced to 4
Aug 17, 2016 11:26:42 PM ga.core.RunGA run
INFO: Iterations6
Aug 17, 2016 11:26:42 PM ga.core.select.SUSSelector operate
INFO: Unique chromosomes reduced to 2
Aug 17, 2016 11:26:42 PM ga.core.RunGA run
INFO: Iterations7
Aug 17, 2016 11:26:42 PM ga.core.select.SUSSelector operate
INFO: Unique chromosomes reduced to 1
Aug 17, 2016 11:26:42 PM ga.core.RunGA run
INFO: Iterations8
Aug 17, 2016 11:26:42 PM ga.core.select.SUSSelector operate
INFO: Unique chromosomes reduced to 1
Aug 17, 2016 11:26:42 PM ga.core.RunGA run
INFO: Iterations9
Aug 17, 2016 11:26:42 PM ga.core.select.SUSSelector operate
INFO: Unique chromosomes reduced to 1
Aug 17, 2016 11:26:42 PM ga.core.RunGA run
INFO: Iterations10
Aug 17, 2016 11:26:42 PM ga.core.select.SUSSelector operate
INFO: Unique chromosomes reduced to 1
Aug 17, 2016 11:26:42 PM ga.core.RunGA run
INFO: Iterations11
Aug 17, 2016 11:26:42 PM ga.core.select.SUSSelector operate
INFO: Unique chromosomes reduced to 1
Aug 17, 2016 11:26:42 PM ga.core.RunGA run
INFO: Iterations12
Aug 17, 2016 11:26:42 PM ga.core.select.SUSSelector operate
INFO: Unique chromosomes reduced to 1
Aug 17, 2016 11:26:42 PM ga.core.RunGA run
INFO: Iterations13
Aug 17, 2016 11:26:42 PM ga.core.select.SUSSelector operate
INFO: Unique chromosomes reduced to 1
Aug 17, 2016 11:26:42 PM ga.core.RunGA run
INFO: Iterations14
Aug 17, 2016 11:26:42 PM ga.core.select.SUSSelector operate
INFO: Unique chromosomes reduced to 1
Aug 17, 2016 11:26:42 PM ga.core.RunGA run
INFO: Iterations15
Aug 17, 2016 11:26:42 PM ga.core.select.SUSSelector operate
INFO: Unique chromosomes reduced to 1
Aug 17, 2016 11:26:42 PM ga.core.RunGA run
INFO: Iterations16
Aug 17, 2016 11:26:42 PM ga.core.select.SUSSelector operate
INFO: Unique chromosomes reduced to 1
Aug 17, 2016 11:26:42 PM ga.core.RunGA run
INFO: Iterations17
Aug 17, 2016 11:26:42 PM ga.core.select.SUSSelector operate
INFO: Unique chromosomes reduced to 1
Aug 17, 2016 11:26:42 PM ga.core.RunGA run
INFO: Iterations18
Aug 17, 2016 11:26:42 PM ga.core.select.SUSSelector operate
INFO: Unique chromosomes reduced to 1
Aug 17, 2016 11:26:42 PM ga.core.RunGA run
INFO: Iterations19
Aug 17, 2016 11:26:42 PM ga.core.select.SUSSelector operate
INFO: Unique chromosomes reduced to 1
Aug 17, 2016 11:26:42 PM ga.core.RunGA run
INFO: Iterations20
Aug 17, 2016 11:26:42 PM ga.core.select.SUSSelector operate
INFO: Unique chromosomes reduced to 1
Aug 17, 2016 11:26:42 PM ga.core.RunGA run
INFO: Iterations21
Aug 17, 2016 11:26:42 PM ga.core.select.SUSSelector operate
INFO: Unique chromosomes reduced to 1
Aug 17, 2016 11:26:42 PM ga.core.RunGA run
INFO: Iterations22
Aug 17, 2016 11:26:42 PM ga.core.select.SUSSelector operate
INFO: Unique chromosomes reduced to 1
Aug 17, 2016 11:26:42 PM ga.core.RunGA run
INFO: Iterations23
Aug 17, 2016 11:26:42 PM ga.core.select.SUSSelector operate
INFO: Unique chromosomes reduced to 1
Aug 17, 2016 11:26:42 PM ga.core.RunGA run
INFO: Iterations24
Aug 17, 2016 11:26:42 PM ga.core.select.SUSSelector operate
INFO: Unique chromosomes reduced to 1
Aug 17, 2016 11:26:42 PM ga.core.RunGA run
INFO: Iterations25
Aug 17, 2016 11:26:42 PM ga.core.RunGA storeBestChromosome
INFO: Best solution improved 25:1->20->12->21->1->19->3->23->1->4->13->15->1->6->8->10->1->11->7->9->1->14->2->22->1->16->17->5->18->1 1100.4032417774472

Aug 17, 2016 11:26:42 PM ga.core.select.SUSSelector operate
INFO: Unique chromosomes reduced to 2
Aug 17, 2016 11:26:42 PM ga.core.RunGA run
INFO: Iterations26
Aug 17, 2016 11:26:42 PM ga.core.RunGA storeBestChromosome
INFO: Best solution improved 26:1->18->5->17->16->1->22->2->14->1->9->7->11->1->10->8->6->1->15->13->4->1->23->3->19->1->21->12->20->1 1100.4032417774467

Aug 17, 2016 11:26:42 PM ga.core.select.SUSSelector operate
INFO: Unique chromosomes reduced to 3
Aug 17, 2016 11:26:42 PM ga.core.RunGA run
INFO: Iterations27
Aug 17, 2016 11:26:42 PM ga.core.select.SUSSelector operate
INFO: Unique chromosomes reduced to 2
Aug 17, 2016 11:26:42 PM ga.core.RunGA run
INFO: Iterations28
Aug 17, 2016 11:26:42 PM ga.core.select.SUSSelector operate
INFO: Unique chromosomes reduced to 2
Aug 17, 2016 11:26:42 PM ga.core.RunGA run
INFO: Iterations29
Aug 17, 2016 11:26:42 PM ga.core.select.SUSSelector operate
INFO: Unique chromosomes reduced to 2
Aug 17, 2016 11:26:42 PM ga.core.RunGA run
INFO: Iterations30
Aug 17, 2016 11:26:42 PM ga.core.select.SUSSelector operate
INFO: Unique chromosomes reduced to 1
Aug 17, 2016 11:26:42 PM ga.core.RunGA run
INFO: Iterations31
Aug 17, 2016 11:26:42 PM ga.core.select.SUSSelector operate
INFO: Unique chromosomes reduced to 1
Aug 17, 2016 11:26:42 PM ga.core.RunGA run
INFO: Iterations32
Aug 17, 2016 11:26:42 PM ga.core.select.SUSSelector operate
INFO: Unique chromosomes reduced to 1
Aug 17, 2016 11:26:42 PM ga.core.RunGA run
INFO: Iterations33
Aug 17, 2016 11:26:42 PM ga.core.select.SUSSelector operate
INFO: Unique chromosomes reduced to 1
Aug 17, 2016 11:26:42 PM ga.core.RunGA run
INFO: Iterations34
Aug 17, 2016 11:26:42 PM ga.core.select.SUSSelector operate
INFO: Unique chromosomes reduced to 1
Aug 17, 2016 11:26:42 PM ga.core.RunGA run
INFO: Iterations35
Aug 17, 2016 11:26:42 PM ga.core.select.SUSSelector operate
INFO: Unique chromosomes reduced to 1
Aug 17, 2016 11:26:42 PM ga.core.RunGA run
INFO: Iterations36
Aug 17, 2016 11:26:42 PM ga.core.select.SUSSelector operate
INFO: Unique chromosomes reduced to 1
Aug 17, 2016 11:26:42 PM ga.core.RunGA run
INFO: Iterations37
Aug 17, 2016 11:26:42 PM ga.core.select.SUSSelector operate
INFO: Unique chromosomes reduced to 1
Aug 17, 2016 11:26:42 PM ga.core.RunGA run
INFO: Iterations38
Aug 17, 2016 11:26:42 PM ga.core.select.SUSSelector operate
INFO: Unique chromosomes reduced to 1
Aug 17, 2016 11:26:42 PM ga.core.RunGA run
INFO: Iterations39
Aug 17, 2016 11:26:42 PM ga.core.select.SUSSelector operate
INFO: Unique chromosomes reduced to 1
Aug 17, 2016 11:26:42 PM ga.core.RunGA run
INFO: Iterations40
Aug 17, 2016 11:26:42 PM ga.core.select.SUSSelector operate
INFO: Unique chromosomes reduced to 1
Aug 17, 2016 11:26:42 PM ga.core.RunGA run
INFO: Iterations41
Aug 17, 2016 11:26:42 PM ga.core.select.SUSSelector operate
INFO: Unique chromosomes reduced to 1
Aug 17, 2016 11:26:42 PM ga.core.RunGA run
INFO: Iterations42
Aug 17, 2016 11:26:42 PM ga.core.select.SUSSelector operate
INFO: Unique chromosomes reduced to 1
Aug 17, 2016 11:26:42 PM ga.core.RunGA run
INFO: Iterations43
Aug 17, 2016 11:26:42 PM ga.core.select.SUSSelector operate
INFO: Unique chromosomes reduced to 1
Aug 17, 2016 11:26:42 PM ga.core.RunGA run
INFO: Iterations44
Aug 17, 2016 11:26:42 PM ga.core.select.SUSSelector operate
INFO: Unique chromosomes reduced to 1
Aug 17, 2016 11:26:42 PM ga.core.RunGA run
INFO: Iterations45
Aug 17, 2016 11:26:42 PM ga.core.select.SUSSelector operate
INFO: Unique chromosomes reduced to 1
Aug 17, 2016 11:26:42 PM ga.core.RunGA run
INFO: Iterations46
Aug 17, 2016 11:26:42 PM ga.core.select.SUSSelector operate
INFO: Unique chromosomes reduced to 1
Aug 17, 2016 11:26:42 PM ga.core.RunGA run
INFO: Iterations47
Aug 17, 2016 11:26:42 PM ga.core.select.SUSSelector operate
INFO: Unique chromosomes reduced to 1
Aug 17, 2016 11:26:42 PM ga.core.RunGA run
INFO: Iterations48
Aug 17, 2016 11:26:42 PM ga.core.select.SUSSelector operate
INFO: Unique chromosomes reduced to 1
Aug 17, 2016 11:26:42 PM ga.core.RunGA run
INFO: Iterations49
Aug 17, 2016 11:26:42 PM ga.core.select.SUSSelector operate
INFO: Unique chromosomes reduced to 1
Aug 17, 2016 11:26:42 PM ga.core.RunGA run
INFO: Iterations50
Aug 17, 2016 11:26:42 PM ga.core.select.SUSSelector operate
INFO: Unique chromosomes reduced to 1
Aug 17, 2016 11:26:42 PM ga.core.RunGA run
INFO: Iterations51
Aug 17, 2016 11:26:42 PM ga.core.select.SUSSelector operate
INFO: Unique chromosomes reduced to 1
Aug 17, 2016 11:26:42 PM ga.core.RunGA run
INFO: Iterations52
Aug 17, 2016 11:26:42 PM ga.core.select.SUSSelector operate
INFO: Unique chromosomes reduced to 1
Aug 17, 2016 11:26:42 PM ga.core.RunGA run
INFO: Iterations53
Aug 17, 2016 11:26:42 PM ga.core.select.SUSSelector operate
INFO: Unique chromosomes reduced to 1
Aug 17, 2016 11:26:42 PM ga.core.RunGA run
INFO: Iterations54
Aug 17, 2016 11:26:42 PM ga.core.select.SUSSelector operate
INFO: Unique chromosomes reduced to 1
Aug 17, 2016 11:26:42 PM ga.core.RunGA run
INFO: Iterations55
Aug 17, 2016 11:26:42 PM ga.core.select.SUSSelector operate
INFO: Unique chromosomes reduced to 1
Aug 17, 2016 11:26:42 PM ga.core.RunGA run
INFO: Iterations56
Aug 17, 2016 11:26:42 PM ga.core.select.SUSSelector operate
INFO: Unique chromosomes reduced to 1
Aug 17, 2016 11:26:42 PM ga.core.RunGA run
INFO: Iterations57
Aug 17, 2016 11:26:42 PM ga.core.select.SUSSelector operate
INFO: Unique chromosomes reduced to 1
Aug 17, 2016 11:26:42 PM ga.core.RunGA run
INFO: Iterations58
Aug 17, 2016 11:26:42 PM ga.core.select.SUSSelector operate
INFO: Unique chromosomes reduced to 1
Aug 17, 2016 11:26:42 PM ga.core.RunGA run
INFO: Iterations59
Aug 17, 2016 11:26:42 PM ga.core.select.SUSSelector operate
INFO: Unique chromosomes reduced to 1
Aug 17, 2016 11:26:42 PM ga.core.RunGA run
INFO: Iterations60
Aug 17, 2016 11:26:42 PM ga.core.select.SUSSelector operate
INFO: Unique chromosomes reduced to 1
Aug 17, 2016 11:26:42 PM ga.core.RunGA run
INFO: Iterations61
Aug 17, 2016 11:26:42 PM ga.core.select.SUSSelector operate
INFO: Unique chromosomes reduced to 1
Aug 17, 2016 11:26:42 PM ga.core.RunGA run
INFO: Iterations62
Aug 17, 2016 11:26:42 PM ga.core.select.SUSSelector operate
INFO: Unique chromosomes reduced to 1
Aug 17, 2016 11:26:42 PM ga.core.RunGA run
INFO: Iterations63
Aug 17, 2016 11:26:42 PM ga.core.select.SUSSelector operate
INFO: Unique chromosomes reduced to 1
Aug 17, 2016 11:26:42 PM ga.core.RunGA run
INFO: Iterations64
Aug 17, 2016 11:26:42 PM ga.core.select.SUSSelector operate
INFO: Unique chromosomes reduced to 1
Aug 17, 2016 11:26:42 PM ga.core.RunGA run
INFO: Iterations65
Aug 17, 2016 11:26:42 PM ga.core.select.SUSSelector operate
INFO: Unique chromosomes reduced to 1
Aug 17, 2016 11:26:42 PM ga.core.RunGA run
INFO: Iterations66
Aug 17, 2016 11:26:42 PM ga.core.select.SUSSelector operate
INFO: Unique chromosomes reduced to 1
Aug 17, 2016 11:26:42 PM ga.core.RunGA run
INFO: Iterations67
Aug 17, 2016 11:26:42 PM ga.core.select.SUSSelector operate
INFO: Unique chromosomes reduced to 1
Aug 17, 2016 11:26:42 PM ga.core.RunGA run
INFO: Iterations68
Aug 17, 2016 11:26:42 PM ga.core.select.SUSSelector operate
INFO: Unique chromosomes reduced to 1
Aug 17, 2016 11:26:42 PM ga.core.RunGA run
INFO: Iterations69
Aug 17, 2016 11:26:42 PM ga.core.select.SUSSelector operate
INFO: Unique chromosomes reduced to 1
Aug 17, 2016 11:26:42 PM ga.core.RunGA run
INFO: Iterations70
Aug 17, 2016 11:26:42 PM ga.core.select.SUSSelector operate
INFO: Unique chromosomes reduced to 1
Aug 17, 2016 11:26:42 PM ga.core.RunGA run
INFO: Iterations71
Aug 17, 2016 11:26:42 PM ga.core.select.SUSSelector operate
INFO: Unique chromosomes reduced to 1
Aug 17, 2016 11:26:42 PM ga.core.RunGA run
INFO: Iterations72
Aug 17, 2016 11:26:42 PM ga.core.select.SUSSelector operate
INFO: Unique chromosomes reduced to 1
Aug 17, 2016 11:26:42 PM ga.core.RunGA run
INFO: Iterations73
Aug 17, 2016 11:26:42 PM ga.core.select.SUSSelector operate
INFO: Unique chromosomes reduced to 1
Aug 17, 2016 11:26:42 PM ga.core.RunGA run
INFO: Iterations74
Aug 17, 2016 11:26:42 PM ga.core.select.SUSSelector operate
INFO: Unique chromosomes reduced to 1
Aug 17, 2016 11:26:42 PM ga.core.RunGA run
INFO: Iterations75
Aug 17, 2016 11:26:42 PM ga.core.select.SUSSelector operate
INFO: Unique chromosomes reduced to 1
Aug 17, 2016 11:26:42 PM ga.core.RunGA run
INFO: Iterations76
Aug 17, 2016 11:26:42 PM ga.core.select.SUSSelector operate
INFO: Unique chromosomes reduced to 1
Aug 17, 2016 11:26:42 PM ga.core.RunGA run
INFO: Iterations77
Aug 17, 2016 11:26:42 PM ga.core.RunGA reset
INFO: Adding back best chromosomes
Aug 17, 2016 11:26:42 PM ga.core.RunGA storeBestChromosome
INFO: Best solution improved 77:1->5->13->16->1->8->15->9->1->12->7->6->1->17->14->19->1->11->10->3->1->20->23->4->1->21->22->18->2->1 1078.8768260719364

Aug 17, 2016 11:26:42 PM ga.core.RunGA storeBestChromosome
INFO: Best solution improved 77:1->16->13->9->1->10->7->2->1->22->18->8->1->21->11->23->1->5->17->3->1->15->14->19->1->20->12->4->6->1 1021.2049462832962

Aug 17, 2016 11:26:42 PM ga.core.RunGA storeBestChromosome
INFO: Best solution improved 77:1->20->12->4->6->1->15->14->19->1->5->17->3->1->21->11->23->1->22->18->8->1->2->7->10->1->16->13->9->1 1021.2049462832958

Aug 17, 2016 11:26:42 PM ga.cvrp.FruityBunCVRP main
SEVERE: null
Aug 17, 2016 11:26:54 PM ga.core.RunGA run
INFO: Iterations1
Aug 17, 2016 11:26:54 PM ga.core.RunGA storeBestChromosome
INFO: Best solution improved 1:1->4->15->14->1->9->11->18->1->13->23->5->1->8->7->17->1->22->10->19->1->21->12->6->1->2->16->3->20->1 1193.00164470993

Aug 17, 2016 11:26:54 PM ga.core.RunGA storeBestChromosome
INFO: Best solution improved 1:1->2->14->3->1->5->13->10->1->20->9->12->1->16->7->8->1->19->6->23->1->4->18->11->1->21->22->17->15->1 1103.22646686934

Aug 17, 2016 11:26:54 PM ga.core.RunGA storeBestChromosome
INFO: Best solution improved 1:1->10->14->15->1->9->3->17->1->19->2->8->1->11->20->7->1->16->18->4->1->22->21->12->1->13->5->23->6->1 1093.3327473623247

Aug 17, 2016 11:26:54 PM ga.core.RunGA run
INFO: Iterations2
Aug 17, 2016 11:26:54 PM ga.core.RunGA run
INFO: Iterations3
Aug 17, 2016 11:26:54 PM ga.core.RunGA run
INFO: Iterations4
Aug 17, 2016 11:26:54 PM ga.core.select.SUSSelector operate
INFO: Unique chromosomes reduced to 7
Aug 17, 2016 11:26:54 PM ga.core.RunGA run
INFO: Iterations5
Aug 17, 2016 11:26:54 PM ga.core.select.SUSSelector operate
INFO: Unique chromosomes reduced to 4
Aug 17, 2016 11:26:54 PM ga.core.RunGA run
INFO: Iterations6
Aug 17, 2016 11:26:54 PM ga.core.select.SUSSelector operate
INFO: Unique chromosomes reduced to 2
Aug 17, 2016 11:26:54 PM ga.core.RunGA run
INFO: Iterations7
Aug 17, 2016 11:26:55 PM ga.core.select.SUSSelector operate
INFO: Unique chromosomes reduced to 2
Aug 17, 2016 11:26:55 PM ga.core.RunGA run
INFO: Iterations8
Aug 17, 2016 11:26:55 PM ga.core.select.SUSSelector operate
INFO: Unique chromosomes reduced to 2
Aug 17, 2016 11:26:55 PM ga.core.RunGA run
INFO: Iterations9
Aug 17, 2016 11:26:55 PM ga.core.select.SUSSelector operate
INFO: Unique chromosomes reduced to 2
Aug 17, 2016 11:26:55 PM ga.core.RunGA run
INFO: Iterations10
Aug 17, 2016 11:26:55 PM ga.core.select.SUSSelector operate
INFO: Unique chromosomes reduced to 2
Aug 17, 2016 11:26:55 PM ga.core.RunGA run
INFO: Iterations11
Aug 17, 2016 11:26:55 PM ga.core.select.SUSSelector operate
INFO: Unique chromosomes reduced to 1
Aug 17, 2016 11:26:55 PM ga.core.RunGA run
INFO: Iterations12
Aug 17, 2016 11:26:55 PM ga.core.select.SUSSelector operate
INFO: Unique chromosomes reduced to 1
Aug 17, 2016 11:26:55 PM ga.core.RunGA run
INFO: Iterations13
Aug 17, 2016 11:26:55 PM ga.core.select.SUSSelector operate
INFO: Unique chromosomes reduced to 1
Aug 17, 2016 11:26:55 PM ga.core.RunGA run
INFO: Iterations14
Aug 17, 2016 11:26:55 PM ga.core.select.SUSSelector operate
INFO: Unique chromosomes reduced to 1
Aug 17, 2016 11:26:55 PM ga.core.RunGA run
INFO: Iterations15
Aug 17, 2016 11:26:55 PM ga.core.select.SUSSelector operate
INFO: Unique chromosomes reduced to 1
Aug 17, 2016 11:26:55 PM ga.core.RunGA run
INFO: Iterations16
Aug 17, 2016 11:26:55 PM ga.core.select.SUSSelector operate
INFO: Unique chromosomes reduced to 1
Aug 17, 2016 11:26:55 PM ga.core.RunGA run
INFO: Iterations17
Aug 17, 2016 11:26:55 PM ga.core.select.SUSSelector operate
INFO: Unique chromosomes reduced to 1
Aug 17, 2016 11:26:55 PM ga.core.RunGA run
INFO: Iterations18
Aug 17, 2016 11:26:55 PM ga.core.select.SUSSelector operate
INFO: Unique chromosomes reduced to 1
Aug 17, 2016 11:26:55 PM ga.core.RunGA run
INFO: Iterations19
Aug 17, 2016 11:26:55 PM ga.core.select.SUSSelector operate
INFO: Unique chromosomes reduced to 1
Aug 17, 2016 11:26:55 PM ga.core.RunGA run
INFO: Iterations20
Aug 17, 2016 11:26:55 PM ga.core.select.SUSSelector operate
INFO: Unique chromosomes reduced to 1
Aug 17, 2016 11:26:55 PM ga.core.RunGA run
INFO: Iterations21
Aug 17, 2016 11:26:55 PM ga.core.select.SUSSelector operate
INFO: Unique chromosomes reduced to 1
Aug 17, 2016 11:26:55 PM ga.core.RunGA run
INFO: Iterations22
Aug 17, 2016 11:26:55 PM ga.core.select.SUSSelector operate
INFO: Unique chromosomes reduced to 1
Aug 17, 2016 11:26:55 PM ga.core.RunGA run
INFO: Iterations23
Aug 17, 2016 11:26:55 PM ga.core.select.SUSSelector operate
INFO: Unique chromosomes reduced to 1
Aug 17, 2016 11:26:55 PM ga.core.RunGA run
INFO: Iterations24
Aug 17, 2016 11:26:55 PM ga.core.select.SUSSelector operate
INFO: Unique chromosomes reduced to 1
Aug 17, 2016 11:26:55 PM ga.core.RunGA run
INFO: Iterations25
Aug 17, 2016 11:26:55 PM ga.core.select.SUSSelector operate
INFO: Unique chromosomes reduced to 1
Aug 17, 2016 11:26:55 PM ga.core.RunGA run
INFO: Iterations26
Aug 17, 2016 11:26:55 PM ga.core.select.SUSSelector operate
INFO: Unique chromosomes reduced to 1
Aug 17, 2016 11:26:55 PM ga.core.RunGA run
INFO: Iterations27
Aug 17, 2016 11:26:55 PM ga.core.select.SUSSelector operate
INFO: Unique chromosomes reduced to 1
Aug 17, 2016 11:26:55 PM ga.core.RunGA run
INFO: Iterations28
Aug 17, 2016 11:26:55 PM ga.core.select.SUSSelector operate
INFO: Unique chromosomes reduced to 1
Aug 17, 2016 11:26:55 PM ga.core.RunGA run
INFO: Iterations29
Aug 17, 2016 11:26:55 PM ga.core.select.SUSSelector operate
INFO: Unique chromosomes reduced to 1
Aug 17, 2016 11:26:55 PM ga.core.RunGA run
INFO: Iterations30
Aug 17, 2016 11:26:55 PM ga.core.select.SUSSelector operate
INFO: Unique chromosomes reduced to 1
Aug 17, 2016 11:26:55 PM ga.core.RunGA run
INFO: Iterations31
Aug 17, 2016 11:26:55 PM ga.core.select.SUSSelector operate
INFO: Unique chromosomes reduced to 1
Aug 17, 2016 11:26:55 PM ga.core.RunGA run
INFO: Iterations32
Aug 17, 2016 11:26:55 PM ga.core.select.SUSSelector operate
INFO: Unique chromosomes reduced to 1
Aug 17, 2016 11:26:55 PM ga.core.RunGA run
INFO: Iterations33
Aug 17, 2016 11:26:55 PM ga.core.select.SUSSelector operate
INFO: Unique chromosomes reduced to 1
Aug 17, 2016 11:26:55 PM ga.core.RunGA run
INFO: Iterations34
Aug 17, 2016 11:26:55 PM ga.core.select.SUSSelector operate
INFO: Unique chromosomes reduced to 1
Aug 17, 2016 11:26:55 PM ga.core.RunGA run
INFO: Iterations35
Aug 17, 2016 11:26:55 PM ga.core.select.SUSSelector operate
INFO: Unique chromosomes reduced to 1
Aug 17, 2016 11:26:55 PM ga.core.RunGA run
INFO: Iterations36
Aug 17, 2016 11:26:55 PM ga.core.select.SUSSelector operate
INFO: Unique chromosomes reduced to 1
Aug 17, 2016 11:26:55 PM ga.core.RunGA run
INFO: Iterations37
Aug 17, 2016 11:26:55 PM ga.core.select.SUSSelector operate
INFO: Unique chromosomes reduced to 1
Aug 17, 2016 11:26:55 PM ga.core.RunGA run
INFO: Iterations38
Aug 17, 2016 11:26:55 PM ga.core.select.SUSSelector operate
INFO: Unique chromosomes reduced to 1
Aug 17, 2016 11:26:55 PM ga.core.RunGA run
INFO: Iterations39
Aug 17, 2016 11:26:55 PM ga.core.select.SUSSelector operate
INFO: Unique chromosomes reduced to 1
Aug 17, 2016 11:26:55 PM ga.core.RunGA run
INFO: Iterations40
Aug 17, 2016 11:26:55 PM ga.core.select.SUSSelector operate
INFO: Unique chromosomes reduced to 1
Aug 17, 2016 11:26:55 PM ga.core.RunGA run
INFO: Iterations41
Aug 17, 2016 11:26:55 PM ga.core.select.SUSSelector operate
INFO: Unique chromosomes reduced to 1
Aug 17, 2016 11:26:55 PM ga.core.RunGA run
INFO: Iterations42
Aug 17, 2016 11:26:55 PM ga.core.select.SUSSelector operate
INFO: Unique chromosomes reduced to 1
Aug 17, 2016 11:26:55 PM ga.core.RunGA run
INFO: Iterations43
Aug 17, 2016 11:26:55 PM ga.core.select.SUSSelector operate
INFO: Unique chromosomes reduced to 1
Aug 17, 2016 11:26:55 PM ga.core.RunGA run
INFO: Iterations44
Aug 17, 2016 11:26:55 PM ga.core.select.SUSSelector operate
INFO: Unique chromosomes reduced to 1
Aug 17, 2016 11:26:55 PM ga.core.RunGA run
INFO: Iterations45
Aug 17, 2016 11:26:55 PM ga.core.select.SUSSelector operate
INFO: Unique chromosomes reduced to 1
Aug 17, 2016 11:26:55 PM ga.core.RunGA run
INFO: Iterations46
Aug 17, 2016 11:26:55 PM ga.core.select.SUSSelector operate
INFO: Unique chromosomes reduced to 1
Aug 17, 2016 11:26:55 PM ga.core.RunGA run
INFO: Iterations47
Aug 17, 2016 11:26:55 PM ga.core.select.SUSSelector operate
INFO: Unique chromosomes reduced to 1
Aug 17, 2016 11:26:55 PM ga.core.RunGA run
INFO: Iterations48
Aug 17, 2016 11:26:55 PM ga.core.select.SUSSelector operate
INFO: Unique chromosomes reduced to 1
Aug 17, 2016 11:26:55 PM ga.core.RunGA run
INFO: Iterations49
Aug 17, 2016 11:26:55 PM ga.core.select.SUSSelector operate
INFO: Unique chromosomes reduced to 1
Aug 17, 2016 11:26:55 PM ga.core.RunGA run
INFO: Iterations50
Aug 17, 2016 11:26:55 PM ga.core.select.SUSSelector operate
INFO: Unique chromosomes reduced to 1
Aug 17, 2016 11:26:55 PM ga.core.RunGA run
INFO: Iterations51
Aug 17, 2016 11:26:55 PM ga.core.select.SUSSelector operate
INFO: Unique chromosomes reduced to 1
Aug 17, 2016 11:26:55 PM ga.core.RunGA run
INFO: Iterations52
Aug 17, 2016 11:26:55 PM ga.core.RunGA reset
INFO: Adding back best chromosomes
Aug 17, 2016 11:26:55 PM ga.core.RunGA storeBestChromosome
INFO: Best solution improved 52:1->2->14->3->1->5->13->10->1->20->12->9->1->16->7->8->1->19->6->23->1->4->18->11->1->21->22->17->15->1 1069.1913763691034

Aug 17, 2016 11:26:55 PM ga.core.RunGA storeBestChromosome
INFO: Best solution improved 52:1->10->15->14->1->9->3->17->1->19->2->8->1->20->11->7->1->18->4->16->1->21->22->12->1->23->6->5->13->1 1022.0219079571295

Aug 17, 2016 11:26:55 PM ga.cvrp.FruityBunCVRP main
SEVERE: null
Aug 17, 2016 11:27:04 PM ga.core.RunGA run
INFO: Iterations1
Aug 17, 2016 11:27:05 PM ga.core.RunGA storeBestChromosome
INFO: Best solution improved 1:1->3->19->6->1->7->17->14->1->22->9->16->1->15->13->18->1->2->12->23->1->21->8->20->1->10->5->11->4->1 1266.5678215374242

Aug 17, 2016 11:27:05 PM ga.core.RunGA storeBestChromosome
INFO: Best solution improved 1:1->23->19->11->1->20->22->13->1->5->9->18->1->8->4->10->1->17->15->16->1->7->2->14->1->6->3->12->21->1 1184.349163139914

Aug 17, 2016 11:27:05 PM ga.core.RunGA storeBestChromosome
INFO: Best solution improved 1:1->15->17->3->1->2->11->23->1->13->16->14->1->22->10->4->1->21->18->5->1->19->7->20->1->9->6->8->12->1 1154.1960823296733

Aug 17, 2016 11:27:05 PM ga.core.RunGA run
INFO: Iterations2
Aug 17, 2016 11:27:05 PM ga.core.RunGA run
INFO: Iterations3
Aug 17, 2016 11:27:05 PM ga.core.select.SUSSelector operate
INFO: Unique chromosomes reduced to 8
Aug 17, 2016 11:27:05 PM ga.core.RunGA run
INFO: Iterations4
Aug 17, 2016 11:27:05 PM ga.core.select.SUSSelector operate
INFO: Unique chromosomes reduced to 4
Aug 17, 2016 11:27:05 PM ga.core.RunGA run
INFO: Iterations5
Aug 17, 2016 11:27:05 PM ga.core.select.SUSSelector operate
INFO: Unique chromosomes reduced to 2
Aug 17, 2016 11:27:05 PM ga.core.RunGA run
INFO: Iterations6
Aug 17, 2016 11:27:05 PM ga.core.select.SUSSelector operate
INFO: Unique chromosomes reduced to 2
Aug 17, 2016 11:27:05 PM ga.core.RunGA run
INFO: Iterations7
Aug 17, 2016 11:27:05 PM ga.core.select.SUSSelector operate
INFO: Unique chromosomes reduced to 2
Aug 17, 2016 11:27:05 PM ga.core.RunGA run
INFO: Iterations8
Aug 17, 2016 11:27:05 PM ga.core.select.SUSSelector operate
INFO: Unique chromosomes reduced to 2
Aug 17, 2016 11:27:05 PM ga.core.RunGA run
INFO: Iterations9
Aug 17, 2016 11:27:05 PM ga.core.select.SUSSelector operate
INFO: Unique chromosomes reduced to 2
Aug 17, 2016 11:27:05 PM ga.core.RunGA run
INFO: Iterations10
Aug 17, 2016 11:27:05 PM ga.core.select.SUSSelector operate
INFO: Unique chromosomes reduced to 2
Aug 17, 2016 11:27:05 PM ga.core.RunGA run
INFO: Iterations11
Aug 17, 2016 11:27:05 PM ga.core.select.SUSSelector operate
INFO: Unique chromosomes reduced to 2
Aug 17, 2016 11:27:05 PM ga.core.RunGA run
INFO: Iterations12
Aug 17, 2016 11:27:05 PM ga.core.select.SUSSelector operate
INFO: Unique chromosomes reduced to 1
Aug 17, 2016 11:27:05 PM ga.core.RunGA run
INFO: Iterations13
Aug 17, 2016 11:27:05 PM ga.core.select.SUSSelector operate
INFO: Unique chromosomes reduced to 1
Aug 17, 2016 11:27:05 PM ga.core.RunGA run
INFO: Iterations14
Aug 17, 2016 11:27:05 PM ga.core.select.SUSSelector operate
INFO: Unique chromosomes reduced to 1
Aug 17, 2016 11:27:05 PM ga.core.RunGA run
INFO: Iterations15
Aug 17, 2016 11:27:05 PM ga.core.select.SUSSelector operate
INFO: Unique chromosomes reduced to 1
Aug 17, 2016 11:27:05 PM ga.core.RunGA run
INFO: Iterations16
Aug 17, 2016 11:27:05 PM ga.core.select.SUSSelector operate
INFO: Unique chromosomes reduced to 1
Aug 17, 2016 11:27:05 PM ga.core.RunGA run
INFO: Iterations17
Aug 17, 2016 11:27:05 PM ga.core.select.SUSSelector operate
INFO: Unique chromosomes reduced to 1
Aug 17, 2016 11:27:05 PM ga.core.RunGA run
INFO: Iterations18
Aug 17, 2016 11:27:05 PM ga.core.select.SUSSelector operate
INFO: Unique chromosomes reduced to 1
Aug 17, 2016 11:27:05 PM ga.core.RunGA run
INFO: Iterations19
Aug 17, 2016 11:27:05 PM ga.core.select.SUSSelector operate
INFO: Unique chromosomes reduced to 1
Aug 17, 2016 11:27:05 PM ga.core.RunGA run
INFO: Iterations20
Aug 17, 2016 11:27:05 PM ga.core.select.SUSSelector operate
INFO: Unique chromosomes reduced to 1
Aug 17, 2016 11:27:05 PM ga.core.RunGA run
INFO: Iterations21
Aug 17, 2016 11:27:05 PM ga.core.select.SUSSelector operate
INFO: Unique chromosomes reduced to 1
Aug 17, 2016 11:27:05 PM ga.core.RunGA run
INFO: Iterations22
Aug 17, 2016 11:27:05 PM ga.core.select.SUSSelector operate
INFO: Unique chromosomes reduced to 1
Aug 17, 2016 11:27:05 PM ga.core.RunGA run
INFO: Iterations23
Aug 17, 2016 11:27:05 PM ga.core.select.SUSSelector operate
INFO: Unique chromosomes reduced to 1
Aug 17, 2016 11:27:05 PM ga.core.RunGA run
INFO: Iterations24
Aug 17, 2016 11:27:05 PM ga.core.select.SUSSelector operate
INFO: Unique chromosomes reduced to 1
Aug 17, 2016 11:27:05 PM ga.core.RunGA run
INFO: Iterations25
Aug 17, 2016 11:27:05 PM ga.core.select.SUSSelector operate
INFO: Unique chromosomes reduced to 1
Aug 17, 2016 11:27:05 PM ga.core.RunGA run
INFO: Iterations26
Aug 17, 2016 11:27:05 PM ga.core.select.SUSSelector operate
INFO: Unique chromosomes reduced to 1
Aug 17, 2016 11:27:05 PM ga.core.RunGA run
INFO: Iterations27
Aug 17, 2016 11:27:05 PM ga.core.select.SUSSelector operate
INFO: Unique chromosomes reduced to 1
Aug 17, 2016 11:27:05 PM ga.core.RunGA run
INFO: Iterations28
Aug 17, 2016 11:27:05 PM ga.core.select.SUSSelector operate
INFO: Unique chromosomes reduced to 1
Aug 17, 2016 11:27:05 PM ga.core.RunGA run
INFO: Iterations29
Aug 17, 2016 11:27:05 PM ga.core.select.SUSSelector operate
INFO: Unique chromosomes reduced to 1
Aug 17, 2016 11:27:05 PM ga.core.RunGA run
INFO: Iterations30
Aug 17, 2016 11:27:05 PM ga.core.select.SUSSelector operate
INFO: Unique chromosomes reduced to 1
Aug 17, 2016 11:27:05 PM ga.core.RunGA run
INFO: Iterations31
Aug 17, 2016 11:27:05 PM ga.core.select.SUSSelector operate
INFO: Unique chromosomes reduced to 1
Aug 17, 2016 11:27:05 PM ga.core.RunGA run
INFO: Iterations32
Aug 17, 2016 11:27:05 PM ga.core.select.SUSSelector operate
INFO: Unique chromosomes reduced to 1
Aug 17, 2016 11:27:05 PM ga.core.RunGA run
INFO: Iterations33
Aug 17, 2016 11:27:05 PM ga.core.select.SUSSelector operate
INFO: Unique chromosomes reduced to 1
Aug 17, 2016 11:27:05 PM ga.core.RunGA run
INFO: Iterations34
Aug 17, 2016 11:27:05 PM ga.core.select.SUSSelector operate
INFO: Unique chromosomes reduced to 1
Aug 17, 2016 11:27:05 PM ga.core.RunGA run
INFO: Iterations35
Aug 17, 2016 11:27:05 PM ga.core.select.SUSSelector operate
INFO: Unique chromosomes reduced to 1
Aug 17, 2016 11:27:05 PM ga.core.RunGA run
INFO: Iterations36
Aug 17, 2016 11:27:05 PM ga.core.select.SUSSelector operate
INFO: Unique chromosomes reduced to 1
Aug 17, 2016 11:27:05 PM ga.core.RunGA run
INFO: Iterations37
Aug 17, 2016 11:27:05 PM ga.core.select.SUSSelector operate
INFO: Unique chromosomes reduced to 1
Aug 17, 2016 11:27:05 PM ga.core.RunGA run
INFO: Iterations38
Aug 17, 2016 11:27:05 PM ga.core.select.SUSSelector operate
INFO: Unique chromosomes reduced to 1
Aug 17, 2016 11:27:05 PM ga.core.RunGA run
INFO: Iterations39
Aug 17, 2016 11:27:05 PM ga.core.select.SUSSelector operate
INFO: Unique chromosomes reduced to 1
Aug 17, 2016 11:27:05 PM ga.core.RunGA run
INFO: Iterations40
Aug 17, 2016 11:27:05 PM ga.core.select.SUSSelector operate
INFO: Unique chromosomes reduced to 1
Aug 17, 2016 11:27:05 PM ga.core.RunGA run
INFO: Iterations41
Aug 17, 2016 11:27:05 PM ga.core.select.SUSSelector operate
INFO: Unique chromosomes reduced to 1
Aug 17, 2016 11:27:05 PM ga.core.RunGA run
INFO: Iterations42
Aug 17, 2016 11:27:05 PM ga.core.select.SUSSelector operate
INFO: Unique chromosomes reduced to 1
Aug 17, 2016 11:27:05 PM ga.core.RunGA run
INFO: Iterations43
Aug 17, 2016 11:27:05 PM ga.core.select.SUSSelector operate
INFO: Unique chromosomes reduced to 1
Aug 17, 2016 11:27:05 PM ga.core.RunGA run
INFO: Iterations44
Aug 17, 2016 11:27:05 PM ga.core.select.SUSSelector operate
INFO: Unique chromosomes reduced to 1
Aug 17, 2016 11:27:05 PM ga.core.RunGA run
INFO: Iterations45
Aug 17, 2016 11:27:05 PM ga.core.select.SUSSelector operate
INFO: Unique chromosomes reduced to 1
Aug 17, 2016 11:27:05 PM ga.core.RunGA run
INFO: Iterations46
Aug 17, 2016 11:27:05 PM ga.core.select.SUSSelector operate
INFO: Unique chromosomes reduced to 1
Aug 17, 2016 11:27:05 PM ga.core.RunGA run
INFO: Iterations47
Aug 17, 2016 11:27:05 PM ga.core.select.SUSSelector operate
INFO: Unique chromosomes reduced to 1
Aug 17, 2016 11:27:05 PM ga.core.RunGA run
INFO: Iterations48
Aug 17, 2016 11:27:05 PM ga.core.select.SUSSelector operate
INFO: Unique chromosomes reduced to 1
Aug 17, 2016 11:27:05 PM ga.core.RunGA run
INFO: Iterations49
Aug 17, 2016 11:27:05 PM ga.core.select.SUSSelector operate
INFO: Unique chromosomes reduced to 1
Aug 17, 2016 11:27:05 PM ga.core.RunGA run
INFO: Iterations50
Aug 17, 2016 11:27:05 PM ga.core.select.SUSSelector operate
INFO: Unique chromosomes reduced to 1
Aug 17, 2016 11:27:05 PM ga.core.RunGA run
INFO: Iterations51
Aug 17, 2016 11:27:05 PM ga.core.select.SUSSelector operate
INFO: Unique chromosomes reduced to 1
Aug 17, 2016 11:27:05 PM ga.core.RunGA run
INFO: Iterations52
Aug 17, 2016 11:27:05 PM ga.core.RunGA reset
INFO: Adding back best chromosomes
Aug 17, 2016 11:27:05 PM ga.core.RunGA storeBestChromosome
INFO: Best solution improved 52:1->15->17->3->1->11->23->2->1->16->13->14->1->22->10->4->1->21->18->5->1->19->7->20->1->12->6->8->9->1 1117.2405205747625

Aug 17, 2016 11:27:05 PM ga.cvrp.FruityBunCVRP main
SEVERE: null
Aug 17, 2016 11:27:45 PM ga.core.RunGA run
INFO: Iterations1
Aug 17, 2016 11:27:45 PM ga.core.RunGA storeBestChromosome
INFO: Best solution improved 1:1->20->3->10->1->19->7->15->1->8->22->11->1->2->14->4->1->5->12->21->1->16->23->13->1->17->9->6->18->1 1205.4273853840627

Aug 17, 2016 11:27:45 PM ga.core.RunGA storeBestChromosome
INFO: Best solution improved 1:1->2->14->3->1->22->20->11->1->5->12->9->1->7->23->6->1->18->10->13->1->19->15->8->1->21->17->4->16->1 1117.8178038279736

Aug 17, 2016 11:27:45 PM ga.core.RunGA storeBestChromosome
INFO: Best solution improved 1:1->2->19->4->1->12->22->18->1->7->13->8->1->3->9->10->1->21->16->23->1->20->6->5->1->17->15->14->11->1 1065.3519835056086

Aug 17, 2016 11:27:45 PM ga.core.RunGA run
INFO: Iterations2
Aug 17, 2016 11:27:45 PM ga.core.RunGA run
INFO: Iterations3
Aug 17, 2016 11:27:45 PM ga.core.select.SUSSelector operate
INFO: Unique chromosomes reduced to 8
Aug 17, 2016 11:27:45 PM ga.core.RunGA run
INFO: Iterations4
Aug 17, 2016 11:27:45 PM ga.core.select.SUSSelector operate
INFO: Unique chromosomes reduced to 4
Aug 17, 2016 11:27:46 PM ga.core.RunGA run
INFO: Iterations5
Aug 17, 2016 11:27:46 PM ga.core.select.SUSSelector operate
INFO: Unique chromosomes reduced to 3
Aug 17, 2016 11:27:46 PM ga.core.RunGA run
INFO: Iterations6
Aug 17, 2016 11:27:46 PM ga.core.select.SUSSelector operate
INFO: Unique chromosomes reduced to 2
Aug 17, 2016 11:27:46 PM ga.core.RunGA run
INFO: Iterations7
Aug 17, 2016 11:27:46 PM ga.core.select.SUSSelector operate
INFO: Unique chromosomes reduced to 2
Aug 17, 2016 11:27:46 PM ga.core.RunGA run
INFO: Iterations8
Aug 17, 2016 11:27:46 PM ga.core.select.SUSSelector operate
INFO: Unique chromosomes reduced to 2
Aug 17, 2016 11:27:46 PM ga.core.RunGA run
INFO: Iterations9
Aug 17, 2016 11:27:46 PM ga.core.select.SUSSelector operate
INFO: Unique chromosomes reduced to 2
Aug 17, 2016 11:27:46 PM ga.core.RunGA run
INFO: Iterations10
Aug 17, 2016 11:27:46 PM ga.core.select.SUSSelector operate
INFO: Unique chromosomes reduced to 2
Aug 17, 2016 11:27:46 PM ga.core.RunGA run
INFO: Iterations11
Aug 17, 2016 11:27:46 PM ga.core.select.SUSSelector operate
INFO: Unique chromosomes reduced to 2
Aug 17, 2016 11:27:46 PM ga.core.RunGA run
INFO: Iterations12
Aug 17, 2016 11:27:46 PM ga.core.select.SUSSelector operate
INFO: Unique chromosomes reduced to 2
Aug 17, 2016 11:27:47 PM ga.core.RunGA run
INFO: Iterations13
Aug 17, 2016 11:27:47 PM ga.core.select.SUSSelector operate
INFO: Unique chromosomes reduced to 1
Aug 17, 2016 11:27:47 PM ga.core.RunGA run
INFO: Iterations14
Aug 17, 2016 11:27:47 PM ga.core.select.SUSSelector operate
INFO: Unique chromosomes reduced to 1
Aug 17, 2016 11:27:47 PM ga.core.RunGA run
INFO: Iterations15
Aug 17, 2016 11:27:47 PM ga.core.select.SUSSelector operate
INFO: Unique chromosomes reduced to 1
Aug 17, 2016 11:27:47 PM ga.core.RunGA run
INFO: Iterations16
Aug 17, 2016 11:27:47 PM ga.core.select.SUSSelector operate
INFO: Unique chromosomes reduced to 1
Aug 17, 2016 11:27:47 PM ga.core.RunGA run
INFO: Iterations17
Aug 17, 2016 11:27:47 PM ga.core.select.SUSSelector operate
INFO: Unique chromosomes reduced to 1
Aug 17, 2016 11:27:47 PM ga.core.RunGA run
INFO: Iterations18
Aug 17, 2016 11:27:47 PM ga.core.select.SUSSelector operate
INFO: Unique chromosomes reduced to 1
Aug 17, 2016 11:27:47 PM ga.core.RunGA run
INFO: Iterations19
Aug 17, 2016 11:27:47 PM ga.core.select.SUSSelector operate
INFO: Unique chromosomes reduced to 1
Aug 17, 2016 11:27:47 PM ga.core.RunGA run
INFO: Iterations20
Aug 17, 2016 11:27:47 PM ga.core.select.SUSSelector operate
INFO: Unique chromosomes reduced to 1
Aug 17, 2016 11:27:47 PM ga.core.RunGA run
INFO: Iterations21
Aug 17, 2016 11:27:47 PM ga.core.select.SUSSelector operate
INFO: Unique chromosomes reduced to 1
Aug 17, 2016 11:27:47 PM ga.core.RunGA run
INFO: Iterations22
Aug 17, 2016 11:27:47 PM ga.core.select.SUSSelector operate
INFO: Unique chromosomes reduced to 1
Aug 17, 2016 11:27:48 PM ga.core.RunGA run
INFO: Iterations23
Aug 17, 2016 11:27:48 PM ga.core.select.SUSSelector operate
INFO: Unique chromosomes reduced to 1
Aug 17, 2016 11:27:48 PM ga.core.RunGA run
INFO: Iterations24
Aug 17, 2016 11:27:48 PM ga.core.select.SUSSelector operate
INFO: Unique chromosomes reduced to 1
Aug 17, 2016 11:27:48 PM ga.core.RunGA run
INFO: Iterations25
Aug 17, 2016 11:27:48 PM ga.core.select.SUSSelector operate
INFO: Unique chromosomes reduced to 1
Aug 17, 2016 11:27:48 PM ga.core.RunGA run
INFO: Iterations26
Aug 17, 2016 11:27:48 PM ga.core.select.SUSSelector operate
INFO: Unique chromosomes reduced to 1
Aug 17, 2016 11:27:48 PM ga.core.RunGA run
INFO: Iterations27
Aug 17, 2016 11:27:48 PM ga.core.select.SUSSelector operate
INFO: Unique chromosomes reduced to 1
Aug 17, 2016 11:27:48 PM ga.core.RunGA run
INFO: Iterations28
Aug 17, 2016 11:27:48 PM ga.core.select.SUSSelector operate
INFO: Unique chromosomes reduced to 1
Aug 17, 2016 11:27:48 PM ga.core.RunGA run
INFO: Iterations29
Aug 17, 2016 11:27:48 PM ga.core.select.SUSSelector operate
INFO: Unique chromosomes reduced to 1
Aug 17, 2016 11:27:48 PM ga.core.RunGA run
INFO: Iterations30
Aug 17, 2016 11:27:48 PM ga.core.select.SUSSelector operate
INFO: Unique chromosomes reduced to 1
Aug 17, 2016 11:27:48 PM ga.core.RunGA run
INFO: Iterations31
Aug 17, 2016 11:27:48 PM ga.core.select.SUSSelector operate
INFO: Unique chromosomes reduced to 1
Aug 17, 2016 11:27:48 PM ga.core.RunGA run
INFO: Iterations32
Aug 17, 2016 11:27:48 PM ga.core.select.SUSSelector operate
INFO: Unique chromosomes reduced to 1
Aug 17, 2016 11:27:48 PM ga.core.RunGA run
INFO: Iterations33
Aug 17, 2016 11:27:48 PM ga.core.select.SUSSelector operate
INFO: Unique chromosomes reduced to 1
Aug 17, 2016 11:27:48 PM ga.core.RunGA run
INFO: Iterations34
Aug 17, 2016 11:27:48 PM ga.core.select.SUSSelector operate
INFO: Unique chromosomes reduced to 1
Aug 17, 2016 11:27:48 PM ga.core.RunGA run
INFO: Iterations35
Aug 17, 2016 11:27:48 PM ga.core.select.SUSSelector operate
INFO: Unique chromosomes reduced to 1
Aug 17, 2016 11:27:48 PM ga.core.RunGA run
INFO: Iterations36
Aug 17, 2016 11:27:48 PM ga.core.select.SUSSelector operate
INFO: Unique chromosomes reduced to 1
Aug 17, 2016 11:27:48 PM ga.core.RunGA run
INFO: Iterations37
Aug 17, 2016 11:27:48 PM ga.core.select.SUSSelector operate
INFO: Unique chromosomes reduced to 1
Aug 17, 2016 11:27:49 PM ga.core.RunGA run
INFO: Iterations38
Aug 17, 2016 11:27:49 PM ga.core.select.SUSSelector operate
INFO: Unique chromosomes reduced to 1
Aug 17, 2016 11:27:49 PM ga.core.RunGA run
INFO: Iterations39
Aug 17, 2016 11:27:49 PM ga.core.select.SUSSelector operate
INFO: Unique chromosomes reduced to 1
Aug 17, 2016 11:27:49 PM ga.core.RunGA run
INFO: Iterations40
Aug 17, 2016 11:27:49 PM ga.core.select.SUSSelector operate
INFO: Unique chromosomes reduced to 1
Aug 17, 2016 11:27:49 PM ga.core.RunGA run
INFO: Iterations41
Aug 17, 2016 11:27:49 PM ga.core.select.SUSSelector operate
INFO: Unique chromosomes reduced to 1
Aug 17, 2016 11:27:49 PM ga.core.RunGA run
INFO: Iterations42
Aug 17, 2016 11:27:49 PM ga.core.select.SUSSelector operate
INFO: Unique chromosomes reduced to 1
Aug 17, 2016 11:27:49 PM ga.core.RunGA run
INFO: Iterations43
Aug 17, 2016 11:27:49 PM ga.core.select.SUSSelector operate
INFO: Unique chromosomes reduced to 1
Aug 17, 2016 11:27:49 PM ga.core.RunGA run
INFO: Iterations44
Aug 17, 2016 11:27:49 PM ga.core.select.SUSSelector operate
INFO: Unique chromosomes reduced to 1
Aug 17, 2016 11:27:49 PM ga.core.RunGA run
INFO: Iterations45
Aug 17, 2016 11:27:49 PM ga.core.select.SUSSelector operate
INFO: Unique chromosomes reduced to 1
Aug 17, 2016 11:27:49 PM ga.core.RunGA run
INFO: Iterations46
Aug 17, 2016 11:27:49 PM ga.core.select.SUSSelector operate
INFO: Unique chromosomes reduced to 1
Aug 17, 2016 11:27:49 PM ga.core.RunGA run
INFO: Iterations47
Aug 17, 2016 11:27:49 PM ga.core.select.SUSSelector operate
INFO: Unique chromosomes reduced to 1
Aug 17, 2016 11:27:49 PM ga.core.RunGA run
INFO: Iterations48
Aug 17, 2016 11:27:49 PM ga.core.select.SUSSelector operate
INFO: Unique chromosomes reduced to 1
Aug 17, 2016 11:27:49 PM ga.core.RunGA run
INFO: Iterations49
Aug 17, 2016 11:27:49 PM ga.core.select.SUSSelector operate
INFO: Unique chromosomes reduced to 1
Aug 17, 2016 11:27:49 PM ga.core.RunGA run
INFO: Iterations50
Aug 17, 2016 11:27:49 PM ga.core.select.SUSSelector operate
INFO: Unique chromosomes reduced to 1
Aug 17, 2016 11:27:49 PM ga.core.RunGA run
INFO: Iterations51
Aug 17, 2016 11:27:49 PM ga.core.select.SUSSelector operate
INFO: Unique chromosomes reduced to 1
Aug 17, 2016 11:27:49 PM ga.core.RunGA run
INFO: Iterations52
Aug 17, 2016 11:27:49 PM ga.core.RunGA reset
INFO: Adding back best chromosomes
Aug 17, 2016 11:27:49 PM ga.core.RunGA storeBestChromosome
INFO: Best solution improved 52:1->2->14->3->1->20->11->22->1->12->5->9->1->23->6->7->1->18->10->13->1->19->15->8->1->21->4->17->16->1 1064.1481083098781

Aug 17, 2016 11:27:49 PM ga.core.RunGA storeBestChromosome
INFO: Best solution improved 52:1->4->2->19->1->12->22->18->1->8->7->13->1->10->3->9->1->21->23->16->1->20->6->5->1->11->17->15->14->1 1006.0211015665004

Aug 17, 2016 11:27:49 PM ga.cvrp.FruityBunCVRP main
SEVERE: null
Aug 17, 2016 11:28:30 PM ga.core.RunGA run
INFO: Iterations1
Aug 17, 2016 11:28:30 PM ga.core.RunGA storeBestChromosome
INFO: Best solution improved 1:1->6->17->13->1->19->15->4->1->5->9->3->1->18->8->12->1->10->16->11->1->2->14->7->1->20->21->22->23->1 1145.6727329999555

Aug 17, 2016 11:28:30 PM ga.core.RunGA storeBestChromosome
INFO: Best solution improved 1:1->6->10->18->1->14->19->15->1->11->23->4->1->8->3->2->1->17->9->22->1->12->20->7->1->5->16->13->21->1 1088.9442757324464

Aug 17, 2016 11:28:30 PM ga.core.RunGA run
INFO: Iterations2
Aug 17, 2016 11:28:30 PM ga.core.RunGA storeBestChromosome
INFO: Best solution improved 2:1->12->1->13->10->11->20->1->14->5->6->8->9->2->1->16->7->21->18->4->1->17->15->3->23->1->22->1->19->1 1030.352352121232

Aug 17, 2016 11:28:30 PM ga.core.RunGA run
INFO: Iterations3
Aug 17, 2016 11:28:30 PM ga.core.RunGA storeBestChromosome
INFO: Best solution improved 3:1->23->22->21->1->7->18->1->13->6->16->10->9->8->1->19->14->15->17->3->2->1->4->5->1->11->12->1->20->1 882.6627622312199

Aug 17, 2016 11:28:31 PM ga.core.RunGA run
INFO: Iterations4
Aug 17, 2016 11:28:31 PM ga.core.RunGA run
INFO: Iterations5
Aug 17, 2016 11:28:31 PM ga.core.RunGA storeBestChromosome
INFO: Best solution improved 5:1->19->14->15->17->3->9->2->1->23->22->21->1->18->1->16->8->4->5->1->11->12->1->20->1->10->7->13->6->1 778.9975556495917

Aug 17, 2016 11:28:31 PM ga.core.RunGA run
INFO: Iterations6
Aug 17, 2016 11:28:31 PM ga.core.select.SUSSelector operate
INFO: Unique chromosomes reduced to 3
Aug 17, 2016 11:28:31 PM ga.core.RunGA run
INFO: Iterations7
Aug 17, 2016 11:28:31 PM ga.core.RunGA storeBestChromosome
INFO: Best solution improved 7:1->10->7->13->6->1->19->14->15->17->3->9->2->1->23->22->21->1->18->1->16->8->4->5->1->11->12->1->20->1 778.9975556495915

Aug 17, 2016 11:28:31 PM ga.core.RunGA run
INFO: Iterations8
Aug 17, 2016 11:28:31 PM ga.core.RunGA storeBestChromosome
INFO: Best solution improved 8:1->20->1->12->11->1->5->4->8->10->7->13->6->1->16->1->18->1->21->22->23->1->2->9->3->17->15->14->19->1 755.4376880798715

Aug 17, 2016 11:28:31 PM ga.core.RunGA run
INFO: Iterations9
Aug 17, 2016 11:28:31 PM ga.core.RunGA storeBestChromosome
INFO: Best solution improved 9:1->12->11->1->5->4->8->10->7->13->6->1->16->1->18->1->21->22->23->1->2->9->3->17->15->14->19->1->20->1 755.4376880798714

Aug 17, 2016 11:28:31 PM ga.core.select.SUSSelector operate
INFO: Unique chromosomes reduced to 7
Aug 17, 2016 11:28:31 PM ga.core.RunGA run
INFO: Iterations10
Aug 17, 2016 11:28:31 PM ga.core.select.SUSSelector operate
INFO: Unique chromosomes reduced to 8
Aug 17, 2016 11:28:31 PM ga.core.RunGA run
INFO: Iterations11
Aug 17, 2016 11:28:31 PM ga.core.select.SUSSelector operate
INFO: Unique chromosomes reduced to 4
Aug 17, 2016 11:28:31 PM ga.core.RunGA run
INFO: Iterations12
Aug 17, 2016 11:28:31 PM ga.core.select.SUSSelector operate
INFO: Unique chromosomes reduced to 3
Aug 17, 2016 11:28:31 PM ga.core.RunGA run
INFO: Iterations13
Aug 17, 2016 11:28:31 PM ga.core.select.SUSSelector operate
INFO: Unique chromosomes reduced to 4
Aug 17, 2016 11:28:31 PM ga.core.RunGA run
INFO: Iterations14
Aug 17, 2016 11:28:31 PM ga.core.select.SUSSelector operate
INFO: Unique chromosomes reduced to 3
Aug 17, 2016 11:28:31 PM ga.core.RunGA run
INFO: Iterations15
Aug 17, 2016 11:28:31 PM ga.core.select.SUSSelector operate
INFO: Unique chromosomes reduced to 7
Aug 17, 2016 11:28:31 PM ga.core.RunGA run
INFO: Iterations16
Aug 17, 2016 11:28:31 PM ga.core.select.SUSSelector operate
INFO: Unique chromosomes reduced to 5
Aug 17, 2016 11:28:31 PM ga.core.RunGA run
INFO: Iterations17
Aug 17, 2016 11:28:31 PM ga.core.select.SUSSelector operate
INFO: Unique chromosomes reduced to 7
Aug 17, 2016 11:28:31 PM ga.core.RunGA run
INFO: Iterations18
Aug 17, 2016 11:28:31 PM ga.core.select.SUSSelector operate
INFO: Unique chromosomes reduced to 4
Aug 17, 2016 11:28:31 PM ga.core.RunGA run
INFO: Iterations19
Aug 17, 2016 11:28:31 PM ga.core.select.SUSSelector operate
INFO: Unique chromosomes reduced to 4
Aug 17, 2016 11:28:31 PM ga.core.RunGA run
INFO: Iterations20
Aug 17, 2016 11:28:31 PM ga.core.select.SUSSelector operate
INFO: Unique chromosomes reduced to 9
Aug 17, 2016 11:28:31 PM ga.core.RunGA run
INFO: Iterations21
Aug 17, 2016 11:28:31 PM ga.core.select.SUSSelector operate
INFO: Unique chromosomes reduced to 6
Aug 17, 2016 11:28:31 PM ga.core.RunGA run
INFO: Iterations22
Aug 17, 2016 11:28:31 PM ga.core.select.SUSSelector operate
INFO: Unique chromosomes reduced to 8
Aug 17, 2016 11:28:31 PM ga.core.RunGA run
INFO: Iterations23
Aug 17, 2016 11:28:31 PM ga.core.select.SUSSelector operate
INFO: Unique chromosomes reduced to 9
Aug 17, 2016 11:28:31 PM ga.core.RunGA run
INFO: Iterations24
Aug 17, 2016 11:28:31 PM ga.core.select.SUSSelector operate
INFO: Unique chromosomes reduced to 3
Aug 17, 2016 11:28:31 PM ga.core.RunGA run
INFO: Iterations25
Aug 17, 2016 11:28:31 PM ga.core.select.SUSSelector operate
INFO: Unique chromosomes reduced to 8
Aug 17, 2016 11:28:31 PM ga.core.RunGA run
INFO: Iterations26
Aug 17, 2016 11:28:31 PM ga.core.select.SUSSelector operate
INFO: Unique chromosomes reduced to 5
Aug 17, 2016 11:28:31 PM ga.core.RunGA run
INFO: Iterations27
Aug 17, 2016 11:28:31 PM ga.core.select.SUSSelector operate
INFO: Unique chromosomes reduced to 3
Aug 17, 2016 11:28:31 PM ga.core.RunGA run
INFO: Iterations28
Aug 17, 2016 11:28:31 PM ga.core.select.SUSSelector operate
INFO: Unique chromosomes reduced to 3
Aug 17, 2016 11:28:31 PM ga.core.RunGA run
INFO: Iterations29
Aug 17, 2016 11:28:31 PM ga.core.select.SUSSelector operate
INFO: Unique chromosomes reduced to 3
Aug 17, 2016 11:28:31 PM ga.core.RunGA run
INFO: Iterations30
Aug 17, 2016 11:28:31 PM ga.core.select.SUSSelector operate
INFO: Unique chromosomes reduced to 4
Aug 17, 2016 11:28:31 PM ga.core.RunGA run
INFO: Iterations31
Aug 17, 2016 11:28:31 PM ga.core.select.SUSSelector operate
INFO: Unique chromosomes reduced to 3
Aug 17, 2016 11:28:31 PM ga.core.RunGA run
INFO: Iterations32
Aug 17, 2016 11:28:31 PM ga.core.select.SUSSelector operate
INFO: Unique chromosomes reduced to 4
Aug 17, 2016 11:28:31 PM ga.core.RunGA run
INFO: Iterations33
Aug 17, 2016 11:28:31 PM ga.core.select.SUSSelector operate
INFO: Unique chromosomes reduced to 5
Aug 17, 2016 11:28:31 PM ga.core.RunGA run
INFO: Iterations34
Aug 17, 2016 11:28:31 PM ga.core.select.SUSSelector operate
INFO: Unique chromosomes reduced to 7
Aug 17, 2016 11:28:31 PM ga.core.RunGA run
INFO: Iterations35
Aug 17, 2016 11:28:31 PM ga.core.select.SUSSelector operate
INFO: Unique chromosomes reduced to 8
Aug 17, 2016 11:28:31 PM ga.core.RunGA run
INFO: Iterations36
Aug 17, 2016 11:28:31 PM ga.core.select.SUSSelector operate
INFO: Unique chromosomes reduced to 9
Aug 17, 2016 11:28:32 PM ga.core.RunGA run
INFO: Iterations37
Aug 17, 2016 11:28:32 PM ga.core.select.SUSSelector operate
INFO: Unique chromosomes reduced to 4
Aug 17, 2016 11:28:32 PM ga.core.RunGA run
INFO: Iterations38
Aug 17, 2016 11:28:32 PM ga.core.select.SUSSelector operate
INFO: Unique chromosomes reduced to 4
Aug 17, 2016 11:28:32 PM ga.core.RunGA run
INFO: Iterations39
Aug 17, 2016 11:28:32 PM ga.core.select.SUSSelector operate
INFO: Unique chromosomes reduced to 8
Aug 17, 2016 11:28:32 PM ga.core.RunGA run
INFO: Iterations40
Aug 17, 2016 11:28:32 PM ga.core.select.SUSSelector operate
INFO: Unique chromosomes reduced to 5
Aug 17, 2016 11:28:32 PM ga.core.RunGA run
INFO: Iterations41
Aug 17, 2016 11:28:32 PM ga.core.select.SUSSelector operate
INFO: Unique chromosomes reduced to 5
Aug 17, 2016 11:28:32 PM ga.core.RunGA run
INFO: Iterations42
Aug 17, 2016 11:28:32 PM ga.core.select.SUSSelector operate
INFO: Unique chromosomes reduced to 4
Aug 17, 2016 11:28:32 PM ga.core.RunGA run
INFO: Iterations43
Aug 17, 2016 11:28:32 PM ga.core.select.SUSSelector operate
INFO: Unique chromosomes reduced to 5
Aug 17, 2016 11:28:32 PM ga.core.RunGA run
INFO: Iterations44
Aug 17, 2016 11:28:32 PM ga.core.select.SUSSelector operate
INFO: Unique chromosomes reduced to 7
Aug 17, 2016 11:28:32 PM ga.core.RunGA run
INFO: Iterations45
Aug 17, 2016 11:28:32 PM ga.core.select.SUSSelector operate
INFO: Unique chromosomes reduced to 7
Aug 17, 2016 11:28:32 PM ga.core.RunGA run
INFO: Iterations46
Aug 17, 2016 11:28:32 PM ga.core.select.SUSSelector operate
INFO: Unique chromosomes reduced to 4
Aug 17, 2016 11:28:32 PM ga.core.RunGA run
INFO: Iterations47
Aug 17, 2016 11:28:32 PM ga.core.select.SUSSelector operate
INFO: Unique chromosomes reduced to 8
Aug 17, 2016 11:28:32 PM ga.core.RunGA run
INFO: Iterations48
Aug 17, 2016 11:28:32 PM ga.core.select.SUSSelector operate
INFO: Unique chromosomes reduced to 5
Aug 17, 2016 11:28:32 PM ga.core.RunGA run
INFO: Iterations49
Aug 17, 2016 11:28:32 PM ga.core.select.SUSSelector operate
INFO: Unique chromosomes reduced to 2
Aug 17, 2016 11:28:32 PM ga.core.RunGA run
INFO: Iterations50
Aug 17, 2016 11:28:32 PM ga.core.select.SUSSelector operate
INFO: Unique chromosomes reduced to 4
Aug 17, 2016 11:28:32 PM ga.core.RunGA run
INFO: Iterations51
Aug 17, 2016 11:28:32 PM ga.core.select.SUSSelector operate
INFO: Unique chromosomes reduced to 4
Aug 17, 2016 11:28:32 PM ga.core.RunGA run
INFO: Iterations52
Aug 17, 2016 11:28:32 PM ga.core.select.SUSSelector operate
INFO: Unique chromosomes reduced to 7
Aug 17, 2016 11:28:32 PM ga.core.RunGA run
INFO: Iterations53
Aug 17, 2016 11:28:32 PM ga.core.select.SUSSelector operate
INFO: Unique chromosomes reduced to 7
Aug 17, 2016 11:28:32 PM ga.core.RunGA run
INFO: Iterations54
Aug 17, 2016 11:28:32 PM ga.core.select.SUSSelector operate
INFO: Unique chromosomes reduced to 8
Aug 17, 2016 11:28:32 PM ga.core.RunGA run
INFO: Iterations55
Aug 17, 2016 11:28:32 PM ga.core.select.SUSSelector operate
INFO: Unique chromosomes reduced to 6
Aug 17, 2016 11:28:32 PM ga.core.RunGA run
INFO: Iterations56
Aug 17, 2016 11:28:32 PM ga.core.select.SUSSelector operate
INFO: Unique chromosomes reduced to 7
Aug 17, 2016 11:28:32 PM ga.core.RunGA run
INFO: Iterations57
Aug 17, 2016 11:28:32 PM ga.core.select.SUSSelector operate
INFO: Unique chromosomes reduced to 8
Aug 17, 2016 11:28:32 PM ga.core.RunGA run
INFO: Iterations58
Aug 17, 2016 11:28:32 PM ga.core.select.SUSSelector operate
INFO: Unique chromosomes reduced to 7
Aug 17, 2016 11:28:32 PM ga.core.RunGA run
INFO: Iterations59
Aug 17, 2016 11:28:32 PM ga.core.select.SUSSelector operate
INFO: Unique chromosomes reduced to 5
Aug 17, 2016 11:28:32 PM ga.core.RunGA run
INFO: Iterations60
Aug 17, 2016 11:28:32 PM ga.core.RunGA reset
INFO: Adding back best chromosomes
Aug 17, 2016 11:28:32 PM ga.core.RunGA storeBestChromosome
INFO: Best solution improved 60:1->12->11->1->6->4->8->7->10->13->5->1->16->1->18->1->21->22->23->1->2->9->3->17->15->14->19->1->20->1 755.3156950415154

Aug 17, 2016 11:28:32 PM ga.core.RunGA run
INFO: Iterations61
Aug 17, 2016 11:28:32 PM ga.core.RunGA run
INFO: Iterations62
Aug 17, 2016 11:28:32 PM ga.core.RunGA run
INFO: Iterations63
Aug 17, 2016 11:28:32 PM ga.core.RunGA run
INFO: Iterations64
Aug 17, 2016 11:28:32 PM ga.core.select.SUSSelector operate
INFO: Unique chromosomes reduced to 3
Aug 17, 2016 11:28:32 PM ga.core.RunGA run
INFO: Iterations65
Aug 17, 2016 11:28:32 PM ga.core.select.SUSSelector operate
INFO: Unique chromosomes reduced to 3
Aug 17, 2016 11:28:32 PM ga.core.RunGA run
INFO: Iterations66
Aug 17, 2016 11:28:32 PM ga.core.select.SUSSelector operate
INFO: Unique chromosomes reduced to 2
Aug 17, 2016 11:28:32 PM ga.core.RunGA run
INFO: Iterations67
Aug 17, 2016 11:28:32 PM ga.core.select.SUSSelector operate
INFO: Unique chromosomes reduced to 4
Aug 17, 2016 11:28:32 PM ga.core.RunGA run
INFO: Iterations68
Aug 17, 2016 11:28:32 PM ga.core.select.SUSSelector operate
INFO: Unique chromosomes reduced to 7
Aug 17, 2016 11:28:32 PM ga.core.RunGA run
INFO: Iterations69
Aug 17, 2016 11:28:32 PM ga.core.select.SUSSelector operate
INFO: Unique chromosomes reduced to 6
Aug 17, 2016 11:28:32 PM ga.core.RunGA run
INFO: Iterations70
Aug 17, 2016 11:28:32 PM ga.core.select.SUSSelector operate
INFO: Unique chromosomes reduced to 3
Aug 17, 2016 11:28:32 PM ga.core.RunGA run
INFO: Iterations71
Aug 17, 2016 11:28:32 PM ga.core.select.SUSSelector operate
INFO: Unique chromosomes reduced to 5
Aug 17, 2016 11:28:32 PM ga.core.RunGA run
INFO: Iterations72
Aug 17, 2016 11:28:32 PM ga.core.select.SUSSelector operate
INFO: Unique chromosomes reduced to 9
Aug 17, 2016 11:28:32 PM ga.core.RunGA run
INFO: Iterations73
Aug 17, 2016 11:28:32 PM ga.core.select.SUSSelector operate
INFO: Unique chromosomes reduced to 8
Aug 17, 2016 11:28:32 PM ga.core.RunGA run
INFO: Iterations74
Aug 17, 2016 11:28:32 PM ga.core.select.SUSSelector operate
INFO: Unique chromosomes reduced to 8
Aug 17, 2016 11:28:32 PM ga.core.RunGA run
INFO: Iterations75
Aug 17, 2016 11:28:32 PM ga.core.select.SUSSelector operate
INFO: Unique chromosomes reduced to 6
Aug 17, 2016 11:28:32 PM ga.core.RunGA run
INFO: Iterations76
Aug 17, 2016 11:28:32 PM ga.core.select.SUSSelector operate
INFO: Unique chromosomes reduced to 8
Aug 17, 2016 11:28:32 PM ga.core.RunGA run
INFO: Iterations77
Aug 17, 2016 11:28:32 PM ga.core.select.SUSSelector operate
INFO: Unique chromosomes reduced to 6
Aug 17, 2016 11:28:32 PM ga.core.RunGA run
INFO: Iterations78
Aug 17, 2016 11:28:32 PM ga.core.select.SUSSelector operate
INFO: Unique chromosomes reduced to 3
Aug 17, 2016 11:28:32 PM ga.core.RunGA run
INFO: Iterations79
Aug 17, 2016 11:28:32 PM ga.core.select.SUSSelector operate
INFO: Unique chromosomes reduced to 3
Aug 17, 2016 11:28:32 PM ga.core.RunGA run
INFO: Iterations80
Aug 17, 2016 11:28:32 PM ga.core.select.SUSSelector operate
INFO: Unique chromosomes reduced to 5
Aug 17, 2016 11:28:33 PM ga.core.RunGA run
INFO: Iterations81
Aug 17, 2016 11:28:33 PM ga.core.select.SUSSelector operate
INFO: Unique chromosomes reduced to 3
Aug 17, 2016 11:28:33 PM ga.core.RunGA run
INFO: Iterations82
Aug 17, 2016 11:28:33 PM ga.core.select.SUSSelector operate
INFO: Unique chromosomes reduced to 7
Aug 17, 2016 11:28:33 PM ga.core.RunGA run
INFO: Iterations83
Aug 17, 2016 11:28:33 PM ga.core.select.SUSSelector operate
INFO: Unique chromosomes reduced to 9
Aug 17, 2016 11:28:33 PM ga.core.RunGA run
INFO: Iterations84
Aug 17, 2016 11:28:33 PM ga.core.select.SUSSelector operate
INFO: Unique chromosomes reduced to 6
Aug 17, 2016 11:28:33 PM ga.core.RunGA run
INFO: Iterations85
Aug 17, 2016 11:28:33 PM ga.core.select.SUSSelector operate
INFO: Unique chromosomes reduced to 3
Aug 17, 2016 11:28:33 PM ga.core.RunGA run
INFO: Iterations86
Aug 17, 2016 11:28:33 PM ga.core.select.SUSSelector operate
INFO: Unique chromosomes reduced to 4
Aug 17, 2016 11:28:33 PM ga.core.RunGA run
INFO: Iterations87
Aug 17, 2016 11:28:33 PM ga.core.select.SUSSelector operate
INFO: Unique chromosomes reduced to 2
Aug 17, 2016 11:28:33 PM ga.core.RunGA run
INFO: Iterations88
Aug 17, 2016 11:28:33 PM ga.core.select.SUSSelector operate
INFO: Unique chromosomes reduced to 5
Aug 17, 2016 11:28:33 PM ga.core.RunGA run
INFO: Iterations89
Aug 17, 2016 11:28:33 PM ga.core.select.SUSSelector operate
INFO: Unique chromosomes reduced to 5
Aug 17, 2016 11:28:33 PM ga.core.RunGA run
INFO: Iterations90
Aug 17, 2016 11:28:33 PM ga.core.select.SUSSelector operate
INFO: Unique chromosomes reduced to 7
Aug 17, 2016 11:28:33 PM ga.core.RunGA run
INFO: Iterations91
Aug 17, 2016 11:28:33 PM ga.core.select.SUSSelector operate
INFO: Unique chromosomes reduced to 4
Aug 17, 2016 11:28:33 PM ga.core.RunGA run
INFO: Iterations92
Aug 17, 2016 11:28:33 PM ga.core.select.SUSSelector operate
INFO: Unique chromosomes reduced to 7
Aug 17, 2016 11:28:33 PM ga.core.RunGA run
INFO: Iterations93
Aug 17, 2016 11:28:33 PM ga.core.select.SUSSelector operate
INFO: Unique chromosomes reduced to 8
Aug 17, 2016 11:28:33 PM ga.core.RunGA run
INFO: Iterations94
Aug 17, 2016 11:28:33 PM ga.core.select.SUSSelector operate
INFO: Unique chromosomes reduced to 5
Aug 17, 2016 11:28:33 PM ga.core.RunGA run
INFO: Iterations95
Aug 17, 2016 11:28:33 PM ga.core.select.SUSSelector operate
INFO: Unique chromosomes reduced to 6
Aug 17, 2016 11:28:33 PM ga.core.RunGA run
INFO: Iterations96
Aug 17, 2016 11:28:33 PM ga.core.select.SUSSelector operate
INFO: Unique chromosomes reduced to 2
Aug 17, 2016 11:28:33 PM ga.core.RunGA run
INFO: Iterations97
Aug 17, 2016 11:28:33 PM ga.core.select.SUSSelector operate
INFO: Unique chromosomes reduced to 2
Aug 17, 2016 11:28:33 PM ga.core.RunGA run
INFO: Iterations98
Aug 17, 2016 11:28:33 PM ga.core.select.SUSSelector operate
INFO: Unique chromosomes reduced to 4
Aug 17, 2016 11:28:33 PM ga.core.RunGA run
INFO: Iterations99
Aug 17, 2016 11:28:33 PM ga.core.select.SUSSelector operate
INFO: Unique chromosomes reduced to 6
Aug 17, 2016 11:28:33 PM ga.core.RunGA run
INFO: Iterations100
Aug 17, 2016 11:28:33 PM ga.core.select.SUSSelector operate
INFO: Unique chromosomes reduced to 3
Aug 17, 2016 11:28:33 PM ga.core.terminate.Iterations isTerminationConditionReached
INFO: Reached max iterations
Aug 17, 2016 11:28:33 PM ga.core.RunGA optimizeBestChromosomes
INFO: Optimizing chromosomes
Aug 17, 2016 11:28:33 PM ga.core.RunGA optimizeBestChromosomes
INFO: Cost before optimizing chromosome1->6->13->17->1->4->15->19->1->5->3->9->1->18->8->12->1->11->10->16->1->7->14->2->1->21->20->22->23->1 1145.6727329999555

Aug 17, 2016 11:28:33 PM ga.core.RunGA optimizeBestChromosomes
INFO: Cost after optimizing chromosome1->6->13->17->1->4->15->19->1->5->3->9->1->18->8->12->1->11->10->16->1->7->14->2->1->21->20->22->23->1 1115.3411004533652

Aug 17, 2016 11:28:33 PM ga.core.RunGA optimizeBestChromosomes
INFO: Cost before optimizing chromosome1->6->10->18->1->15->14->19->1->11->4->23->1->8->3->2->1->22->17->9->1->20->12->7->1->21->5->13->16->1 1088.9442757324464

Aug 17, 2016 11:28:33 PM ga.core.RunGA optimizeBestChromosomes
INFO: Cost after optimizing chromosome1->6->10->18->1->15->14->19->1->11->4->23->1->8->3->2->1->22->17->9->1->20->12->7->1->21->5->13->16->1 1026.3105723219737

Aug 17, 2016 11:28:33 PM ga.core.RunGA optimizeBestChromosomes
INFO: Cost before optimizing chromosome1->12->1->13->10->11->20->1->6->5->8->9->14->2->1->21->18->7->4->16->1->23->3->17->15->1->22->1->19->1 1030.352352121232

Aug 17, 2016 11:28:33 PM ga.core.RunGA optimizeBestChromosomes
INFO: Cost after optimizing chromosome1->12->1->13->10->11->20->1->6->5->8->9->14->2->1->21->18->7->4->16->1->23->3->17->15->1->22->1->19->1 921.4303621231318

Aug 17, 2016 11:28:33 PM ga.core.RunGA optimizeBestChromosomes
INFO: Cost before optimizing chromosome1->23->22->21->1->7->18->1->6->8->10->13->9->16->1->19->14->15->17->3->2->1->4->5->1->11->12->1->20->1 882.6627622312199

Aug 17, 2016 11:28:33 PM ga.core.RunGA optimizeBestChromosomes
INFO: Cost after optimizing chromosome1->23->22->21->1->7->18->1->6->8->10->13->9->16->1->19->14->15->17->3->2->1->4->5->1->11->12->1->20->1 828.3560132593448

Aug 17, 2016 11:28:33 PM ga.core.RunGA optimizeBestChromosomes
INFO: Cost before optimizing chromosome1->19->14->15->17->3->9->2->1->23->22->21->1->18->1->16->8->4->5->1->11->12->1->20->1->10->7->13->6->1 778.9975556495917

Aug 17, 2016 11:28:33 PM ga.core.RunGA optimizeBestChromosomes
INFO: Cost after optimizing chromosome1->19->14->15->17->3->9->2->1->23->22->21->1->18->1->16->8->4->5->1->11->12->1->20->1->10->7->13->6->1 778.9975556495917

Aug 17, 2016 11:28:33 PM ga.core.RunGA optimizeBestChromosomes
INFO: Cost before optimizing chromosome1->10->7->13->6->1->19->14->15->17->3->9->2->1->23->22->21->1->18->1->16->8->4->5->1->11->12->1->20->1 778.9975556495915

Aug 17, 2016 11:28:33 PM ga.core.RunGA optimizeBestChromosomes
INFO: Cost after optimizing chromosome1->10->7->13->6->1->19->14->15->17->3->9->2->1->23->22->21->1->18->1->16->8->4->5->1->11->12->1->20->1 778.9975556495915

Aug 17, 2016 11:28:33 PM ga.core.RunGA optimizeBestChromosomes
INFO: Cost before optimizing chromosome1->20->1->12->11->1->6->4->8->7->10->13->5->1->16->1->18->1->21->22->23->1->2->9->3->17->15->14->19->1 755.4376880798715

Aug 17, 2016 11:28:33 PM ga.core.RunGA optimizeBestChromosomes
INFO: Cost after optimizing chromosome1->20->1->12->11->1->6->4->8->7->10->13->5->1->16->1->18->1->21->22->23->1->2->9->3->17->15->14->19->1 755.3156950415155

Aug 17, 2016 11:28:33 PM ga.core.RunGA optimizeBestChromosomes
INFO: Cost before optimizing chromosome1->12->11->1->6->4->8->7->10->13->5->1->16->1->18->1->21->22->23->1->2->9->3->17->15->14->19->1->20->1 755.4376880798714

Aug 17, 2016 11:28:33 PM ga.core.RunGA optimizeBestChromosomes
INFO: Cost after optimizing chromosome1->12->11->1->6->4->8->7->10->13->5->1->16->1->18->1->21->22->23->1->2->9->3->17->15->14->19->1->20->1 755.3156950415154

Aug 17, 2016 11:28:33 PM ga.core.RunGA optimizeBestChromosomes
INFO: Cost before optimizing chromosome1->12->11->1->6->4->8->7->10->13->5->1->16->1->18->1->21->22->23->1->2->9->3->17->15->14->19->1->20->1 755.3156950415154

Aug 17, 2016 11:28:33 PM ga.core.RunGA optimizeBestChromosomes
INFO: Cost after optimizing chromosome1->12->11->1->6->4->8->7->10->13->5->1->16->1->18->1->21->22->23->1->2->9->3->17->15->14->19->1->20->1 755.3156950415154

Aug 17, 2016 11:28:33 PM ga.cvrp.FruityBunCVRP doGA
INFO: Best solution at iteration 60:1->12->11->1->6->4->8->7->10->13->5->1->16->1->18->1->21->22->23->1->2->9->3->17->15->14->19->1->20->1 755.3156950415154

Aug 17, 2016 11:28:33 PM ga.cvrp.FruityBunCVRP doGA
INFO: Best solutions [1->6->13->17->1->4->15->19->1->5->3->9->1->18->8->12->1->11->10->16->1->7->14->2->1->21->20->22->23->1 1115.3411004533652
, 1->6->10->18->1->15->14->19->1->11->4->23->1->8->3->2->1->22->17->9->1->20->12->7->1->21->5->13->16->1 1026.3105723219737
, 1->12->1->13->10->11->20->1->6->5->8->9->14->2->1->21->18->7->4->16->1->23->3->17->15->1->22->1->19->1 921.4303621231318
, 1->23->22->21->1->7->18->1->6->8->10->13->9->16->1->19->14->15->17->3->2->1->4->5->1->11->12->1->20->1 828.3560132593448
, 1->19->14->15->17->3->9->2->1->23->22->21->1->18->1->16->8->4->5->1->11->12->1->20->1->10->7->13->6->1 778.9975556495917
, 1->10->7->13->6->1->19->14->15->17->3->9->2->1->23->22->21->1->18->1->16->8->4->5->1->11->12->1->20->1 778.9975556495915
, 1->20->1->12->11->1->6->4->8->7->10->13->5->1->16->1->18->1->21->22->23->1->2->9->3->17->15->14->19->1 755.3156950415155
, 1->12->11->1->6->4->8->7->10->13->5->1->16->1->18->1->21->22->23->1->2->9->3->17->15->14->19->1->20->1 755.3156950415154
, 1->12->11->1->6->4->8->7->10->13->5->1->16->1->18->1->21->22->23->1->2->9->3->17->15->14->19->1->20->1 755.3156950415154
]
Aug 17, 2016 11:28:33 PM ga.cvrp.FruityBunCVRP doGA
INFO: Duration in seconds 2897740006
